{"C:\\Users\\margh\\Desktop\\front-end-vue\\codice\\src\\App.vue": {"path":"C:\\Users\\margh\\Desktop\\front-end-vue\\codice\\src\\App.vue","statementMap":{"0":{"start":{"line":1,"column":1},"end":{"line":29,"column":4}},"1":{"start":{"line":4,"column":29},"end":{"line":4,"column":149}},"2":{"start":{"line":6,"column":0},"end":{"line":8,"column":3}},"3":{"start":{"line":9,"column":0},"end":{"line":9,"column":25}},"4":{"start":{"line":11,"column":14},"end":{"line":11,"column":72}},"5":{"start":{"line":22,"column":15},"end":{"line":27,"column":1}},"6":{"start":{"line":28,"column":0},"end":{"line":28,"column":27}},"7":{"start":{"line":30,"column":20},"end":{"line":30,"column":89}},"8":{"start":{"line":30,"column":114},"end":{"line":30,"column":187}},"9":{"start":{"line":31,"column":0},"end":{"line":31,"column":325}},"10":{"start":{"line":31,"column":54},"end":{"line":31,"column":58}},"11":{"start":{"line":31,"column":66},"end":{"line":31,"column":84}},"12":{"start":{"line":31,"column":92},"end":{"line":31,"column":108}},"13":{"start":{"line":31,"column":109},"end":{"line":31,"column":324}},"14":{"start":{"line":32,"column":0},"end":{"line":32,"column":37}}},"fnMap":{"0":{"name":"(anonymous_0)","decl":{"start":{"line":1,"column":2},"end":{"line":1,"column":3}},"loc":{"start":{"line":1,"column":12},"end":{"line":29,"column":1}},"line":1},"1":{"name":"render","decl":{"start":{"line":31,"column":35},"end":{"line":31,"column":41}},"loc":{"start":{"line":31,"column":45},"end":{"line":31,"column":325}},"line":31}},"branchMap":{"0":{"loc":{"start":{"line":30,"column":20},"end":{"line":30,"column":89}},"type":"cond-expr","locations":[{"start":{"line":30,"column":50},"end":{"line":30,"column":72}},{"start":{"line":30,"column":75},"end":{"line":30,"column":89}}],"line":30},"1":{"loc":{"start":{"line":30,"column":114},"end":{"line":30,"column":187}},"type":"cond-expr","locations":[{"start":{"line":30,"column":151},"end":{"line":30,"column":172}},{"start":{"line":30,"column":174},"end":{"line":30,"column":187}}],"line":30},"2":{"loc":{"start":{"line":31,"column":92},"end":{"line":31,"column":108}},"type":"binary-expr","locations":[{"start":{"line":31,"column":92},"end":{"line":31,"column":104}},{"start":{"line":31,"column":106},"end":{"line":31,"column":108}}],"line":31},"3":{"loc":{"start":{"line":31,"column":158},"end":{"line":31,"column":243}},"type":"cond-expr","locations":[{"start":{"line":31,"column":222},"end":{"line":31,"column":234}},{"start":{"line":31,"column":235},"end":{"line":31,"column":243}}],"line":31}},"s":{"0":1,"1":1,"2":1,"3":1,"4":1,"5":1,"6":1,"7":1,"8":1,"9":1,"10":1,"11":1,"12":1,"13":1,"14":1},"f":{"0":1,"1":1},"b":{"0":[1,0],"1":[0,1],"2":[1,0],"3":[0,0]},"_coverageSchema":"43e27e138ebf9cfc5966b082cf9a028302ed4184","hash":"90ea809c7dce8eeac197a947adc1eb42d38e81ee"}
,"C:\\Users\\margh\\Desktop\\front-end-vue\\codice\\src\\components\\Navbar.vue": {"path":"C:\\Users\\margh\\Desktop\\front-end-vue\\codice\\src\\components\\Navbar.vue","statementMap":{"0":{"start":{"line":72,"column":0},"end":{"line":72,"column":null}},"1":{"start":{"line":75,"column":0},"end":{"line":75,"column":null}},"2":{"start":{"line":88,"column":0},"end":{"line":88,"column":null}},"3":{"start":{"line":93,"column":0},"end":{"line":93,"column":null}},"4":{"start":{"line":99,"column":0},"end":{"line":99,"column":null}},"5":{"start":{"line":100,"column":0},"end":{"line":100,"column":null}}},"fnMap":{"0":{"name":"(anonymous_1)","decl":{"start":{"line":74,"column":0},"end":{"line":74,"column":null}},"loc":{"start":{"line":74,"column":0},"end":{"line":84,"column":null}}},"1":{"name":"(anonymous_2)","decl":{"start":{"line":87,"column":0},"end":{"line":87,"column":null}},"loc":{"start":{"line":87,"column":0},"end":{"line":89,"column":null}}},"2":{"name":"(anonymous_3)","decl":{"start":{"line":92,"column":0},"end":{"line":92,"column":null}},"loc":{"start":{"line":92,"column":0},"end":{"line":94,"column":null}}},"3":{"name":"(anonymous_4)","decl":{"start":{"line":98,"column":0},"end":{"line":98,"column":null}},"loc":{"start":{"line":98,"column":0},"end":{"line":101,"column":null}}}},"branchMap":{"0":{"loc":{"start":{"line":100,"column":0},"end":{"line":100,"column":null}},"type":"if","locations":[{"start":{"line":100,"column":0},"end":{"line":100,"column":null}},{"start":{"line":100,"column":0},"end":{"line":100,"column":null}}]}},"s":{"0":2,"1":1,"2":1,"3":0,"4":0,"5":0},"f":{"0":1,"1":1,"2":0,"3":0},"b":{"0":[0,0]}}
,"C:\\Users\\margh\\Desktop\\front-end-vue\\codice\\src\\components\\ShowOpera.vue": {"path":"C:\\Users\\margh\\Desktop\\front-end-vue\\codice\\src\\components\\ShowOpera.vue","statementMap":{"0":{"start":{"line":105,"column":0},"end":{"line":105,"column":null}}},"fnMap":{"0":{"name":"(anonymous_1)","decl":{"start":{"line":104,"column":0},"end":{"line":104,"column":null}},"loc":{"start":{"line":104,"column":0},"end":{"line":129,"column":null}}}},"branchMap":{},"s":{"0":1},"f":{"0":1},"b":{}}
,"C:\\Users\\margh\\Desktop\\front-end-vue\\codice\\src\\components\\ViewOperaHome.vue": {"path":"C:\\Users\\margh\\Desktop\\front-end-vue\\codice\\src\\components\\ViewOperaHome.vue","statementMap":{"0":{"start":{"line":90,"column":0},"end":{"line":90,"column":null}}},"fnMap":{"0":{"name":"(anonymous_1)","decl":{"start":{"line":89,"column":0},"end":{"line":89,"column":null}},"loc":{"start":{"line":89,"column":0},"end":{"line":114,"column":null}}}},"branchMap":{},"s":{"0":1},"f":{"0":1},"b":{}}
,"C:\\Users\\margh\\Desktop\\front-end-vue\\codice\\src\\components\\editOpera.vue": {"path":"C:\\Users\\margh\\Desktop\\front-end-vue\\codice\\src\\components\\editOpera.vue","statementMap":{"0":{"start":{"line":59,"column":0},"end":{"line":59,"column":null}},"1":{"start":{"line":63,"column":0},"end":{"line":63,"column":null}},"2":{"start":{"line":70,"column":0},"end":{"line":70,"column":null}},"3":{"start":{"line":75,"column":0},"end":{"line":75,"column":null}},"4":{"start":{"line":76,"column":0},"end":{"line":76,"column":null}},"5":{"start":{"line":80,"column":0},"end":{"line":80,"column":null}},"6":{"start":{"line":84,"column":0},"end":{"line":84,"column":null}},"7":{"start":{"line":90,"column":0},"end":{"line":90,"column":null}},"8":{"start":{"line":91,"column":0},"end":{"line":91,"column":null}}},"fnMap":{"0":{"name":"(anonymous_1)","decl":{"start":{"line":58,"column":0},"end":{"line":58,"column":null}},"loc":{"start":{"line":58,"column":0},"end":{"line":66,"column":null}}},"1":{"name":"(anonymous_2)","decl":{"start":{"line":63,"column":0},"end":{"line":63,"column":null}},"loc":{"start":{"line":63,"column":0},"end":{"line":63,"column":null}}},"2":{"name":"(anonymous_3)","decl":{"start":{"line":69,"column":0},"end":{"line":69,"column":null}},"loc":{"start":{"line":69,"column":0},"end":{"line":71,"column":null}}},"3":{"name":"(anonymous_4)","decl":{"start":{"line":74,"column":0},"end":{"line":74,"column":null}},"loc":{"start":{"line":74,"column":0},"end":{"line":81,"column":null}}},"4":{"name":"(anonymous_5)","decl":{"start":{"line":83,"column":0},"end":{"line":83,"column":null}},"loc":{"start":{"line":83,"column":0},"end":{"line":92,"column":null}}}},"branchMap":{"0":{"loc":{"start":{"line":63,"column":0},"end":{"line":63,"column":null}},"type":"binary-expr","locations":[{"start":{"line":63,"column":0},"end":{"line":63,"column":null}},{"start":{"line":63,"column":0},"end":{"line":63,"column":null}}]},"1":{"loc":{"start":{"line":76,"column":0},"end":{"line":76,"column":null}},"type":"if","locations":[{"start":{"line":76,"column":0},"end":{"line":76,"column":null}},{"start":{"line":76,"column":0},"end":{"line":76,"column":null}}]},"2":{"loc":{"start":{"line":84,"column":0},"end":{"line":84,"column":null}},"type":"if","locations":[{"start":{"line":84,"column":0},"end":{"line":84,"column":null}},{"start":{"line":84,"column":0},"end":{"line":84,"column":null}}]}},"s":{"0":1,"1":0,"2":0,"3":1,"4":0,"5":0,"6":0,"7":0,"8":0},"f":{"0":1,"1":0,"2":0,"3":1,"4":0},"b":{"0":[0,0],"1":[0,0],"2":[0,0]}}
,"C:\\Users\\margh\\Desktop\\front-end-vue\\codice\\src\\components\\editUserData.vue": {"path":"C:\\Users\\margh\\Desktop\\front-end-vue\\codice\\src\\components\\editUserData.vue","statementMap":{"0":{"start":{"line":96,"column":0},"end":{"line":96,"column":null}},"1":{"start":{"line":114,"column":0},"end":{"line":114,"column":null}},"2":{"start":{"line":116,"column":0},"end":{"line":116,"column":null}},"3":{"start":{"line":117,"column":0},"end":{"line":117,"column":null}},"4":{"start":{"line":127,"column":0},"end":{"line":127,"column":null}},"5":{"start":{"line":128,"column":0},"end":{"line":128,"column":null}},"6":{"start":{"line":131,"column":0},"end":{"line":131,"column":null}}},"fnMap":{"0":{"name":"(anonymous_1)","decl":{"start":{"line":95,"column":0},"end":{"line":95,"column":null}},"loc":{"start":{"line":95,"column":0},"end":{"line":124,"column":null}}},"1":{"name":"(anonymous_2)","decl":{"start":{"line":114,"column":0},"end":{"line":114,"column":null}},"loc":{"start":{"line":114,"column":0},"end":{"line":114,"column":null}}},"2":{"name":"(anonymous_3)","decl":{"start":{"line":115,"column":0},"end":{"line":115,"column":null}},"loc":{"start":{"line":115,"column":0},"end":{"line":121,"column":null}}},"3":{"name":"(anonymous_4)","decl":{"start":{"line":126,"column":0},"end":{"line":126,"column":null}},"loc":{"start":{"line":126,"column":0},"end":{"line":129,"column":null}}},"4":{"name":"(anonymous_5)","decl":{"start":{"line":130,"column":0},"end":{"line":130,"column":null}},"loc":{"start":{"line":130,"column":0},"end":{"line":132,"column":null}}}},"branchMap":{"0":{"loc":{"start":{"line":114,"column":0},"end":{"line":114,"column":null}},"type":"binary-expr","locations":[{"start":{"line":114,"column":0},"end":{"line":114,"column":null}},{"start":{"line":114,"column":0},"end":{"line":114,"column":null}}]},"1":{"loc":{"start":{"line":117,"column":0},"end":{"line":117,"column":null}},"type":"binary-expr","locations":[{"start":{"line":117,"column":0},"end":{"line":117,"column":null}},{"start":{"line":117,"column":0},"end":{"line":117,"column":null}}]}},"s":{"0":1,"1":0,"2":0,"3":0,"4":0,"5":0,"6":0},"f":{"0":1,"1":0,"2":0,"3":0,"4":0},"b":{"0":[0,0],"1":[0,0]}}
,"C:\\Users\\margh\\Desktop\\front-end-vue\\codice\\src\\components\\editUserPassword.vue": {"path":"C:\\Users\\margh\\Desktop\\front-end-vue\\codice\\src\\components\\editUserPassword.vue","statementMap":{"0":{"start":{"line":60,"column":0},"end":{"line":60,"column":null}},"1":{"start":{"line":72,"column":0},"end":{"line":72,"column":null}},"2":{"start":{"line":74,"column":0},"end":{"line":74,"column":null}},"3":{"start":{"line":75,"column":0},"end":{"line":75,"column":null}},"4":{"start":{"line":85,"column":0},"end":{"line":85,"column":null}},"5":{"start":{"line":86,"column":0},"end":{"line":86,"column":null}}},"fnMap":{"0":{"name":"(anonymous_1)","decl":{"start":{"line":59,"column":0},"end":{"line":59,"column":null}},"loc":{"start":{"line":59,"column":0},"end":{"line":82,"column":null}}},"1":{"name":"(anonymous_2)","decl":{"start":{"line":72,"column":0},"end":{"line":72,"column":null}},"loc":{"start":{"line":72,"column":0},"end":{"line":72,"column":null}}},"2":{"name":"(anonymous_3)","decl":{"start":{"line":73,"column":0},"end":{"line":73,"column":null}},"loc":{"start":{"line":73,"column":0},"end":{"line":79,"column":null}}},"3":{"name":"(anonymous_4)","decl":{"start":{"line":84,"column":0},"end":{"line":84,"column":null}},"loc":{"start":{"line":84,"column":0},"end":{"line":87,"column":null}}}},"branchMap":{"0":{"loc":{"start":{"line":72,"column":0},"end":{"line":72,"column":null}},"type":"binary-expr","locations":[{"start":{"line":72,"column":0},"end":{"line":72,"column":null}},{"start":{"line":72,"column":0},"end":{"line":72,"column":null}}]},"1":{"loc":{"start":{"line":75,"column":0},"end":{"line":75,"column":null}},"type":"binary-expr","locations":[{"start":{"line":75,"column":0},"end":{"line":75,"column":null}},{"start":{"line":75,"column":0},"end":{"line":75,"column":null}}]}},"s":{"0":1,"1":0,"2":0,"3":0,"4":0,"5":0},"f":{"0":1,"1":0,"2":0,"3":0},"b":{"0":[0,0],"1":[0,0]}}
,"C:\\Users\\margh\\Desktop\\front-end-vue\\codice\\src\\plugins\\vuetify.js": {"path":"C:\\Users\\margh\\Desktop\\front-end-vue\\codice\\src\\plugins\\vuetify.js","statementMap":{"0":{"start":{"line":4,"column":0},"end":{"line":4,"column":17}}},"fnMap":{},"branchMap":{},"s":{"0":0},"f":{},"b":{},"hash":"61883095404cf210ae9a6e17f3ae64d75f7e2773"}
,"C:\\Users\\margh\\Desktop\\front-end-vue\\codice\\src\\router\\router.js": {"path":"C:\\Users\\margh\\Desktop\\front-end-vue\\codice\\src\\router\\router.js","statementMap":{"0":{"start":{"line":9,"column":0},"end":{"line":9,"column":19}},"1":{"start":{"line":11,"column":15},"end":{"line":37,"column":1}},"2":{"start":{"line":39,"column":15},"end":{"line":43,"column":2}}},"fnMap":{},"branchMap":{},"s":{"0":14,"1":14,"2":14},"f":{},"b":{},"_coverageSchema":"43e27e138ebf9cfc5966b082cf9a028302ed4184","hash":"3015e410993c3c1883cace43e7aa9f7dbe6fec3a"}
,"C:\\Users\\margh\\Desktop\\front-end-vue\\codice\\src\\store\\index.js": {"path":"C:\\Users\\margh\\Desktop\\front-end-vue\\codice\\src\\store\\index.js","statementMap":{"0":{"start":{"line":7,"column":18},"end":{"line":9,"column":2}},"1":{"start":{"line":11,"column":0},"end":{"line":11,"column":14}}},"fnMap":{},"branchMap":{},"s":{"0":14,"1":14},"f":{},"b":{},"_coverageSchema":"43e27e138ebf9cfc5966b082cf9a028302ed4184","hash":"479821e475a4400d908e91613959df1584cfc3eb"}
,"C:\\Users\\margh\\Desktop\\front-end-vue\\codice\\src\\store\\modules\\currentUser.js": {"path":"C:\\Users\\margh\\Desktop\\front-end-vue\\codice\\src\\store\\modules\\currentUser.js","statementMap":{"0":{"start":{"line":4,"column":17},"end":{"line":4,"column":53}},"1":{"start":{"line":5,"column":14},"end":{"line":5,"column":38}},"2":{"start":{"line":7,"column":14},"end":{"line":12,"column":1}},"3":{"start":{"line":13,"column":16},"end":{"line":78,"column":1}},"4":{"start":{"line":15,"column":4},"end":{"line":28,"column":9}},"5":{"start":{"line":21,"column":8},"end":{"line":21,"column":41}},"6":{"start":{"line":22,"column":8},"end":{"line":22,"column":30}},"7":{"start":{"line":23,"column":8},"end":{"line":23,"column":68}},"8":{"start":{"line":24,"column":8},"end":{"line":24,"column":25}},"9":{"start":{"line":27,"column":8},"end":{"line":27,"column":60}},"10":{"start":{"line":31,"column":4},"end":{"line":31,"column":27}},"11":{"start":{"line":32,"column":4},"end":{"line":32,"column":31}},"12":{"start":{"line":35,"column":4},"end":{"line":52,"column":9}},"13":{"start":{"line":45,"column":8},"end":{"line":45,"column":41}},"14":{"start":{"line":46,"column":8},"end":{"line":46,"column":30}},"15":{"start":{"line":47,"column":8},"end":{"line":47,"column":68}},"16":{"start":{"line":48,"column":8},"end":{"line":48,"column":25}},"17":{"start":{"line":51,"column":8},"end":{"line":51,"column":60}},"18":{"start":{"line":55,"column":14},"end":{"line":55,"column":77}},"19":{"start":{"line":56,"column":4},"end":{"line":56,"column":22}},"20":{"start":{"line":57,"column":4},"end":{"line":69,"column":9}},"21":{"start":{"line":67,"column":8},"end":{"line":67,"column":41}},"22":{"start":{"line":68,"column":8},"end":{"line":68,"column":68}},"23":{"start":{"line":72,"column":4},"end":{"line":76,"column":7}},"24":{"start":{"line":79,"column":18},"end":{"line":109,"column":1}},"25":{"start":{"line":81,"column":4},"end":{"line":88,"column":5}},"26":{"start":{"line":82,"column":6},"end":{"line":83,"column":66}},"27":{"start":{"line":84,"column":11},"end":{"line":88,"column":5}},"28":{"start":{"line":85,"column":6},"end":{"line":85,"column":63}},"29":{"start":{"line":86,"column":11},"end":{"line":88,"column":5}},"30":{"start":{"line":87,"column":6},"end":{"line":87,"column":35}},"31":{"start":{"line":91,"column":4},"end":{"line":97,"column":5}},"32":{"start":{"line":92,"column":6},"end":{"line":93,"column":66}},"33":{"start":{"line":94,"column":11},"end":{"line":97,"column":5}},"34":{"start":{"line":95,"column":6},"end":{"line":96,"column":69}},"35":{"start":{"line":100,"column":4},"end":{"line":100,"column":22}},"36":{"start":{"line":103,"column":4},"end":{"line":103,"column":26}},"37":{"start":{"line":106,"column":4},"end":{"line":106,"column":27}},"38":{"start":{"line":107,"column":4},"end":{"line":107,"column":22}},"39":{"start":{"line":110,"column":16},"end":{"line":123,"column":1}},"40":{"start":{"line":112,"column":4},"end":{"line":112,"column":26}},"41":{"start":{"line":115,"column":4},"end":{"line":115,"column":33}},"42":{"start":{"line":118,"column":4},"end":{"line":118,"column":33}},"43":{"start":{"line":121,"column":4},"end":{"line":121,"column":22}}},"fnMap":{"0":{"name":"(anonymous_0)","decl":{"start":{"line":14,"column":2},"end":{"line":14,"column":3}},"loc":{"start":{"line":14,"column":30},"end":{"line":29,"column":3}},"line":14},"1":{"name":"(anonymous_1)","decl":{"start":{"line":20,"column":12},"end":{"line":20,"column":13}},"loc":{"start":{"line":20,"column":24},"end":{"line":25,"column":7}},"line":20},"2":{"name":"(anonymous_2)","decl":{"start":{"line":26,"column":13},"end":{"line":26,"column":14}},"loc":{"start":{"line":26,"column":22},"end":{"line":28,"column":7}},"line":26},"3":{"name":"(anonymous_3)","decl":{"start":{"line":30,"column":2},"end":{"line":30,"column":3}},"loc":{"start":{"line":30,"column":21},"end":{"line":33,"column":3}},"line":30},"4":{"name":"(anonymous_4)","decl":{"start":{"line":34,"column":2},"end":{"line":34,"column":3}},"loc":{"start":{"line":34,"column":27},"end":{"line":53,"column":3}},"line":34},"5":{"name":"(anonymous_5)","decl":{"start":{"line":44,"column":12},"end":{"line":44,"column":13}},"loc":{"start":{"line":44,"column":24},"end":{"line":49,"column":7}},"line":44},"6":{"name":"(anonymous_6)","decl":{"start":{"line":50,"column":13},"end":{"line":50,"column":14}},"loc":{"start":{"line":50,"column":22},"end":{"line":52,"column":7}},"line":50},"7":{"name":"(anonymous_7)","decl":{"start":{"line":54,"column":2},"end":{"line":54,"column":3}},"loc":{"start":{"line":54,"column":31},"end":{"line":70,"column":3}},"line":54},"8":{"name":"(anonymous_8)","decl":{"start":{"line":66,"column":12},"end":{"line":66,"column":13}},"loc":{"start":{"line":66,"column":24},"end":{"line":69,"column":7}},"line":66},"9":{"name":"(anonymous_9)","decl":{"start":{"line":71,"column":2},"end":{"line":71,"column":3}},"loc":{"start":{"line":71,"column":27},"end":{"line":77,"column":3}},"line":71},"10":{"name":"(anonymous_10)","decl":{"start":{"line":80,"column":2},"end":{"line":80,"column":3}},"loc":{"start":{"line":80,"column":35},"end":{"line":89,"column":3}},"line":80},"11":{"name":"(anonymous_11)","decl":{"start":{"line":90,"column":2},"end":{"line":90,"column":3}},"loc":{"start":{"line":90,"column":35},"end":{"line":98,"column":3}},"line":90},"12":{"name":"(anonymous_12)","decl":{"start":{"line":99,"column":2},"end":{"line":99,"column":3}},"loc":{"start":{"line":99,"column":23},"end":{"line":101,"column":3}},"line":99},"13":{"name":"(anonymous_13)","decl":{"start":{"line":102,"column":2},"end":{"line":102,"column":3}},"loc":{"start":{"line":102,"column":21},"end":{"line":104,"column":3}},"line":102},"14":{"name":"(anonymous_14)","decl":{"start":{"line":105,"column":2},"end":{"line":105,"column":3}},"loc":{"start":{"line":105,"column":22},"end":{"line":108,"column":3}},"line":105},"15":{"name":"(anonymous_15)","decl":{"start":{"line":111,"column":19},"end":{"line":111,"column":20}},"loc":{"start":{"line":111,"column":28},"end":{"line":113,"column":3}},"line":111},"16":{"name":"(anonymous_16)","decl":{"start":{"line":114,"column":19},"end":{"line":114,"column":20}},"loc":{"start":{"line":114,"column":28},"end":{"line":116,"column":3}},"line":114},"17":{"name":"(anonymous_17)","decl":{"start":{"line":117,"column":19},"end":{"line":117,"column":20}},"loc":{"start":{"line":117,"column":28},"end":{"line":119,"column":3}},"line":117},"18":{"name":"(anonymous_18)","decl":{"start":{"line":120,"column":8},"end":{"line":120,"column":9}},"loc":{"start":{"line":120,"column":17},"end":{"line":122,"column":3}},"line":120}},"branchMap":{"0":{"loc":{"start":{"line":81,"column":4},"end":{"line":88,"column":5}},"type":"if","locations":[{"start":{"line":81,"column":4},"end":{"line":88,"column":5}},{"start":{"line":81,"column":4},"end":{"line":88,"column":5}}],"line":81},"1":{"loc":{"start":{"line":84,"column":11},"end":{"line":88,"column":5}},"type":"if","locations":[{"start":{"line":84,"column":11},"end":{"line":88,"column":5}},{"start":{"line":84,"column":11},"end":{"line":88,"column":5}}],"line":84},"2":{"loc":{"start":{"line":86,"column":11},"end":{"line":88,"column":5}},"type":"if","locations":[{"start":{"line":86,"column":11},"end":{"line":88,"column":5}},{"start":{"line":86,"column":11},"end":{"line":88,"column":5}}],"line":86},"3":{"loc":{"start":{"line":91,"column":4},"end":{"line":97,"column":5}},"type":"if","locations":[{"start":{"line":91,"column":4},"end":{"line":97,"column":5}},{"start":{"line":91,"column":4},"end":{"line":97,"column":5}}],"line":91},"4":{"loc":{"start":{"line":94,"column":11},"end":{"line":97,"column":5}},"type":"if","locations":[{"start":{"line":94,"column":11},"end":{"line":97,"column":5}},{"start":{"line":94,"column":11},"end":{"line":97,"column":5}}],"line":94}},"s":{"0":14,"1":14,"2":14,"3":14,"4":0,"5":0,"6":0,"7":0,"8":0,"9":0,"10":0,"11":0,"12":0,"13":0,"14":0,"15":0,"16":0,"17":0,"18":0,"19":0,"20":0,"21":0,"22":0,"23":0,"24":14,"25":0,"26":0,"27":0,"28":0,"29":0,"30":0,"31":0,"32":0,"33":0,"34":0,"35":0,"36":0,"37":0,"38":0,"39":14,"40":1,"41":1,"42":1,"43":4},"f":{"0":0,"1":0,"2":0,"3":0,"4":0,"5":0,"6":0,"7":0,"8":0,"9":0,"10":0,"11":0,"12":0,"13":0,"14":0,"15":1,"16":1,"17":1,"18":4},"b":{"0":[0,0],"1":[0,0],"2":[0,0],"3":[0,0],"4":[0,0]},"_coverageSchema":"43e27e138ebf9cfc5966b082cf9a028302ed4184","hash":"b4f8a1d2de277cac8d14e633c62d9a61652d2a41"}
,"C:\\Users\\margh\\Desktop\\front-end-vue\\codice\\src\\store\\modules\\nftService.js": {"path":"C:\\Users\\margh\\Desktop\\front-end-vue\\codice\\src\\store\\modules\\nftService.js","statementMap":{"0":{"start":{"line":4,"column":17},"end":{"line":4,"column":52}},"1":{"start":{"line":5,"column":14},"end":{"line":5,"column":38}},"2":{"start":{"line":6,"column":15},"end":{"line":6,"column":33}},"3":{"start":{"line":8,"column":14},"end":{"line":14,"column":1}},"4":{"start":{"line":15,"column":16},"end":{"line":66,"column":1}},"5":{"start":{"line":18,"column":6},"end":{"line":18,"column":73}},"6":{"start":{"line":19,"column":4},"end":{"line":21,"column":7}},"7":{"start":{"line":20,"column":6},"end":{"line":20,"column":41}},"8":{"start":{"line":24,"column":4},"end":{"line":26,"column":7}},"9":{"start":{"line":25,"column":6},"end":{"line":25,"column":45}},"10":{"start":{"line":29,"column":4},"end":{"line":31,"column":7}},"11":{"start":{"line":30,"column":6},"end":{"line":30,"column":45}},"12":{"start":{"line":35,"column":6},"end":{"line":35,"column":73}},"13":{"start":{"line":36,"column":4},"end":{"line":44,"column":9}},"14":{"start":{"line":39,"column":8},"end":{"line":39,"column":42}},"15":{"start":{"line":40,"column":8},"end":{"line":40,"column":25}},"16":{"start":{"line":43,"column":8},"end":{"line":43,"column":53}},"17":{"start":{"line":48,"column":6},"end":{"line":48,"column":73}},"18":{"start":{"line":49,"column":4},"end":{"line":64,"column":9}},"19":{"start":{"line":63,"column":8},"end":{"line":63,"column":42}},"20":{"start":{"line":67,"column":18},"end":{"line":83,"column":1}},"21":{"start":{"line":69,"column":4},"end":{"line":69,"column":24}},"22":{"start":{"line":72,"column":4},"end":{"line":72,"column":33}},"23":{"start":{"line":75,"column":4},"end":{"line":75,"column":28}},"24":{"start":{"line":78,"column":4},"end":{"line":78,"column":23}},"25":{"start":{"line":81,"column":4},"end":{"line":81,"column":65}},"26":{"start":{"line":84,"column":16},"end":{"line":100,"column":1}},"27":{"start":{"line":86,"column":4},"end":{"line":86,"column":24}},"28":{"start":{"line":89,"column":4},"end":{"line":89,"column":33}},"29":{"start":{"line":92,"column":4},"end":{"line":92,"column":28}},"30":{"start":{"line":95,"column":4},"end":{"line":95,"column":23}},"31":{"start":{"line":98,"column":4},"end":{"line":98,"column":35}}},"fnMap":{"0":{"name":"(anonymous_0)","decl":{"start":{"line":16,"column":2},"end":{"line":16,"column":3}},"loc":{"start":{"line":16,"column":25},"end":{"line":22,"column":3}},"line":16},"1":{"name":"(anonymous_1)","decl":{"start":{"line":19,"column":24},"end":{"line":19,"column":25}},"loc":{"start":{"line":19,"column":36},"end":{"line":21,"column":5}},"line":19},"2":{"name":"(anonymous_2)","decl":{"start":{"line":23,"column":2},"end":{"line":23,"column":3}},"loc":{"start":{"line":23,"column":28},"end":{"line":27,"column":3}},"line":23},"3":{"name":"(anonymous_3)","decl":{"start":{"line":24,"column":52},"end":{"line":24,"column":53}},"loc":{"start":{"line":24,"column":64},"end":{"line":26,"column":5}},"line":24},"4":{"name":"(anonymous_4)","decl":{"start":{"line":28,"column":2},"end":{"line":28,"column":3}},"loc":{"start":{"line":28,"column":28},"end":{"line":32,"column":3}},"line":28},"5":{"name":"(anonymous_5)","decl":{"start":{"line":29,"column":45},"end":{"line":29,"column":46}},"loc":{"start":{"line":29,"column":57},"end":{"line":31,"column":5}},"line":29},"6":{"name":"(anonymous_6)","decl":{"start":{"line":33,"column":2},"end":{"line":33,"column":3}},"loc":{"start":{"line":33,"column":33},"end":{"line":45,"column":3}},"line":33},"7":{"name":"(anonymous_7)","decl":{"start":{"line":38,"column":12},"end":{"line":38,"column":13}},"loc":{"start":{"line":38,"column":24},"end":{"line":41,"column":7}},"line":38},"8":{"name":"(anonymous_8)","decl":{"start":{"line":42,"column":13},"end":{"line":42,"column":14}},"loc":{"start":{"line":42,"column":22},"end":{"line":44,"column":7}},"line":42},"9":{"name":"(anonymous_9)","decl":{"start":{"line":46,"column":2},"end":{"line":46,"column":3}},"loc":{"start":{"line":46,"column":33},"end":{"line":65,"column":3}},"line":46},"10":{"name":"(anonymous_10)","decl":{"start":{"line":62,"column":12},"end":{"line":62,"column":13}},"loc":{"start":{"line":62,"column":24},"end":{"line":64,"column":7}},"line":62},"11":{"name":"(anonymous_11)","decl":{"start":{"line":68,"column":2},"end":{"line":68,"column":3}},"loc":{"start":{"line":68,"column":25},"end":{"line":70,"column":3}},"line":68},"12":{"name":"(anonymous_12)","decl":{"start":{"line":71,"column":2},"end":{"line":71,"column":3}},"loc":{"start":{"line":71,"column":29},"end":{"line":73,"column":3}},"line":71},"13":{"name":"(anonymous_13)","decl":{"start":{"line":74,"column":2},"end":{"line":74,"column":3}},"loc":{"start":{"line":74,"column":29},"end":{"line":76,"column":3}},"line":74},"14":{"name":"(anonymous_14)","decl":{"start":{"line":77,"column":2},"end":{"line":77,"column":3}},"loc":{"start":{"line":77,"column":24},"end":{"line":79,"column":3}},"line":77},"15":{"name":"(anonymous_15)","decl":{"start":{"line":80,"column":2},"end":{"line":80,"column":3}},"loc":{"start":{"line":80,"column":23},"end":{"line":82,"column":3}},"line":80},"16":{"name":"(anonymous_16)","decl":{"start":{"line":85,"column":10},"end":{"line":85,"column":11}},"loc":{"start":{"line":85,"column":19},"end":{"line":87,"column":3}},"line":85},"17":{"name":"(anonymous_17)","decl":{"start":{"line":88,"column":14},"end":{"line":88,"column":15}},"loc":{"start":{"line":88,"column":23},"end":{"line":90,"column":3}},"line":88},"18":{"name":"(anonymous_18)","decl":{"start":{"line":91,"column":14},"end":{"line":91,"column":15}},"loc":{"start":{"line":91,"column":23},"end":{"line":93,"column":3}},"line":91},"19":{"name":"(anonymous_19)","decl":{"start":{"line":94,"column":9},"end":{"line":94,"column":10}},"loc":{"start":{"line":94,"column":18},"end":{"line":96,"column":3}},"line":94},"20":{"name":"(anonymous_20)","decl":{"start":{"line":97,"column":21},"end":{"line":97,"column":22}},"loc":{"start":{"line":97,"column":30},"end":{"line":99,"column":3}},"line":97}},"branchMap":{},"s":{"0":14,"1":14,"2":14,"3":14,"4":14,"5":1,"6":0,"7":0,"8":2,"9":0,"10":1,"11":0,"12":0,"13":0,"14":0,"15":0,"16":0,"17":0,"18":0,"19":0,"20":14,"21":0,"22":0,"23":0,"24":0,"25":0,"26":14,"27":1,"28":2,"29":1,"30":0,"31":1},"f":{"0":1,"1":0,"2":2,"3":0,"4":1,"5":0,"6":0,"7":0,"8":0,"9":0,"10":0,"11":0,"12":0,"13":0,"14":0,"15":0,"16":1,"17":2,"18":1,"19":0,"20":1},"b":{},"_coverageSchema":"43e27e138ebf9cfc5966b082cf9a028302ed4184","hash":"67d39dbd6e2380dfae10d5ee70bd0b60447b30af"}
,"C:\\Users\\margh\\Desktop\\front-end-vue\\codice\\src\\view\\Home.vue": {"path":"C:\\Users\\margh\\Desktop\\front-end-vue\\codice\\src\\view\\Home.vue","statementMap":{"0":{"start":{"line":66,"column":0},"end":{"line":66,"column":null}},"1":{"start":{"line":73,"column":0},"end":{"line":73,"column":null}},"2":{"start":{"line":105,"column":0},"end":{"line":105,"column":null}},"3":{"start":{"line":110,"column":0},"end":{"line":110,"column":null}},"4":{"start":{"line":115,"column":0},"end":{"line":115,"column":null}},"5":{"start":{"line":116,"column":0},"end":{"line":116,"column":null}},"6":{"start":{"line":117,"column":0},"end":{"line":117,"column":null}},"7":{"start":{"line":118,"column":0},"end":{"line":132,"column":null}},"8":{"start":{"line":119,"column":0},"end":{"line":129,"column":null}},"9":{"start":{"line":119,"column":0},"end":{"line":119,"column":null}},"10":{"start":{"line":120,"column":0},"end":{"line":128,"column":null}},"11":{"start":{"line":120,"column":0},"end":{"line":120,"column":null}},"12":{"start":{"line":121,"column":0},"end":{"line":127,"column":null}},"13":{"start":{"line":121,"column":0},"end":{"line":121,"column":null}},"14":{"start":{"line":122,"column":0},"end":{"line":126,"column":null}},"15":{"start":{"line":125,"column":0},"end":{"line":125,"column":null}},"16":{"start":{"line":131,"column":0},"end":{"line":131,"column":null}},"17":{"start":{"line":133,"column":0},"end":{"line":133,"column":null}},"18":{"start":{"line":134,"column":0},"end":{"line":134,"column":null}},"19":{"start":{"line":135,"column":0},"end":{"line":135,"column":null}},"20":{"start":{"line":136,"column":0},"end":{"line":136,"column":null}},"21":{"start":{"line":141,"column":0},"end":{"line":141,"column":null}},"22":{"start":{"line":142,"column":0},"end":{"line":142,"column":null}}},"fnMap":{"0":{"name":"(anonymous_1)","decl":{"start":{"line":72,"column":0},"end":{"line":72,"column":null}},"loc":{"start":{"line":72,"column":0},"end":{"line":101,"column":null}}},"1":{"name":"(anonymous_2)","decl":{"start":{"line":104,"column":0},"end":{"line":104,"column":null}},"loc":{"start":{"line":104,"column":0},"end":{"line":106,"column":null}}},"2":{"name":"(anonymous_3)","decl":{"start":{"line":109,"column":0},"end":{"line":109,"column":null}},"loc":{"start":{"line":109,"column":0},"end":{"line":111,"column":null}}},"3":{"name":"(anonymous_4)","decl":{"start":{"line":114,"column":0},"end":{"line":114,"column":null}},"loc":{"start":{"line":114,"column":0},"end":{"line":137,"column":null}}},"4":{"name":"(anonymous_5)","decl":{"start":{"line":140,"column":0},"end":{"line":140,"column":null}},"loc":{"start":{"line":140,"column":0},"end":{"line":143,"column":null}}}},"branchMap":{"0":{"loc":{"start":{"line":118,"column":0},"end":{"line":132,"column":null}},"type":"if","locations":[{"start":{"line":118,"column":0},"end":{"line":132,"column":null}},{"start":{"line":118,"column":0},"end":{"line":132,"column":null}}]},"1":{"loc":{"start":{"line":122,"column":0},"end":{"line":126,"column":null}},"type":"if","locations":[{"start":{"line":122,"column":0},"end":{"line":126,"column":null}},{"start":{"line":122,"column":0},"end":{"line":126,"column":null}}]}},"s":{"0":14,"1":1,"2":1,"3":1,"4":1,"5":1,"6":1,"7":1,"8":0,"9":0,"10":0,"11":0,"12":0,"13":0,"14":0,"15":0,"16":1,"17":1,"18":1,"19":1,"20":1,"21":1,"22":1},"f":{"0":1,"1":1,"2":1,"3":1,"4":1},"b":{"0":[0,1],"1":[0,0]}}
,"C:\\Users\\margh\\Desktop\\front-end-vue\\codice\\src\\view\\LogIn.vue": {"path":"C:\\Users\\margh\\Desktop\\front-end-vue\\codice\\src\\view\\LogIn.vue","statementMap":{"0":{"start":{"line":82,"column":0},"end":{"line":82,"column":null}},"1":{"start":{"line":90,"column":0},"end":{"line":90,"column":null}},"2":{"start":{"line":104,"column":0},"end":{"line":104,"column":null}},"3":{"start":{"line":106,"column":0},"end":{"line":106,"column":null}},"4":{"start":{"line":107,"column":0},"end":{"line":107,"column":null}},"5":{"start":{"line":113,"column":0},"end":{"line":113,"column":null}},"6":{"start":{"line":114,"column":0},"end":{"line":114,"column":null}},"7":{"start":{"line":122,"column":0},"end":{"line":122,"column":null}},"8":{"start":{"line":128,"column":0},"end":{"line":128,"column":null}},"9":{"start":{"line":129,"column":0},"end":{"line":129,"column":null}}},"fnMap":{"0":{"name":"(anonymous_1)","decl":{"start":{"line":89,"column":0},"end":{"line":89,"column":null}},"loc":{"start":{"line":89,"column":0},"end":{"line":118,"column":null}}},"1":{"name":"(anonymous_2)","decl":{"start":{"line":104,"column":0},"end":{"line":104,"column":null}},"loc":{"start":{"line":104,"column":0},"end":{"line":104,"column":null}}},"2":{"name":"(anonymous_3)","decl":{"start":{"line":105,"column":0},"end":{"line":105,"column":null}},"loc":{"start":{"line":105,"column":0},"end":{"line":111,"column":null}}},"3":{"name":"(anonymous_4)","decl":{"start":{"line":112,"column":0},"end":{"line":112,"column":null}},"loc":{"start":{"line":112,"column":0},"end":{"line":115,"column":null}}},"4":{"name":"(anonymous_5)","decl":{"start":{"line":121,"column":0},"end":{"line":121,"column":null}},"loc":{"start":{"line":121,"column":0},"end":{"line":123,"column":null}}},"5":{"name":"(anonymous_6)","decl":{"start":{"line":127,"column":0},"end":{"line":127,"column":null}},"loc":{"start":{"line":127,"column":0},"end":{"line":131,"column":null}}}},"branchMap":{"0":{"loc":{"start":{"line":104,"column":0},"end":{"line":104,"column":null}},"type":"binary-expr","locations":[{"start":{"line":104,"column":0},"end":{"line":104,"column":null}},{"start":{"line":104,"column":0},"end":{"line":104,"column":null}}]},"1":{"loc":{"start":{"line":107,"column":0},"end":{"line":107,"column":null}},"type":"binary-expr","locations":[{"start":{"line":107,"column":0},"end":{"line":107,"column":null}},{"start":{"line":107,"column":0},"end":{"line":107,"column":null}}]},"2":{"loc":{"start":{"line":114,"column":0},"end":{"line":114,"column":null}},"type":"binary-expr","locations":[{"start":{"line":114,"column":0},"end":{"line":114,"column":null}},{"start":{"line":114,"column":0},"end":{"line":114,"column":null}}]},"3":{"loc":{"start":{"line":129,"column":0},"end":{"line":129,"column":null}},"type":"if","locations":[{"start":{"line":129,"column":0},"end":{"line":129,"column":null}},{"start":{"line":129,"column":0},"end":{"line":129,"column":null}}]}},"s":{"0":14,"1":1,"2":0,"3":0,"4":0,"5":0,"6":0,"7":1,"8":0,"9":0},"f":{"0":1,"1":0,"2":0,"3":0,"4":1,"5":0},"b":{"0":[0,0],"1":[0,0],"2":[0,0],"3":[0,0]}}
,"C:\\Users\\margh\\Desktop\\front-end-vue\\codice\\src\\view\\Particle.vue": {"path":"C:\\Users\\margh\\Desktop\\front-end-vue\\codice\\src\\view\\Particle.vue","statementMap":{"0":{"start":{"line":19,"column":0},"end":{"line":19,"column":null}},"1":{"start":{"line":22,"column":0},"end":{"line":22,"column":null}},"2":{"start":{"line":23,"column":0},"end":{"line":23,"column":null}},"3":{"start":{"line":24,"column":0},"end":{"line":24,"column":null}},"4":{"start":{"line":27,"column":0},"end":{"line":27,"column":null}},"5":{"start":{"line":28,"column":0},"end":{"line":28,"column":null}},"6":{"start":{"line":30,"column":0},"end":{"line":30,"column":null}},"7":{"start":{"line":33,"column":0},"end":{"line":33,"column":null}},"8":{"start":{"line":44,"column":0},"end":{"line":44,"column":null}},"9":{"start":{"line":47,"column":0},"end":{"line":47,"column":null}}},"fnMap":{"0":{"name":"(anonymous_1)","decl":{"start":{"line":16,"column":0},"end":{"line":16,"column":null}},"loc":{"start":{"line":16,"column":0},"end":{"line":40,"column":null}}},"1":{"name":"(anonymous_2)","decl":{"start":{"line":33,"column":0},"end":{"line":33,"column":null}},"loc":{"start":{"line":33,"column":0},"end":{"line":33,"column":null}}},"2":{"name":"(anonymous_5)","decl":{"start":{"line":41,"column":0},"end":{"line":41,"column":null}},"loc":{"start":{"line":41,"column":0},"end":{"line":49,"column":null}}}},"branchMap":{},"s":{"0":1,"1":1,"2":1,"3":1,"4":1,"5":1,"6":1,"7":1,"8":0,"9":0},"f":{"0":1,"1":0,"2":0},"b":{}}
,"C:\\Users\\margh\\Desktop\\front-end-vue\\codice\\src\\view\\SignUp.vue": {"path":"C:\\Users\\margh\\Desktop\\front-end-vue\\codice\\src\\view\\SignUp.vue","statementMap":{"0":{"start":{"line":137,"column":0},"end":{"line":137,"column":null}},"1":{"start":{"line":145,"column":0},"end":{"line":145,"column":null}},"2":{"start":{"line":167,"column":0},"end":{"line":167,"column":null}},"3":{"start":{"line":169,"column":0},"end":{"line":169,"column":null}},"4":{"start":{"line":170,"column":0},"end":{"line":170,"column":null}},"5":{"start":{"line":175,"column":0},"end":{"line":175,"column":null}},"6":{"start":{"line":178,"column":0},"end":{"line":178,"column":null}},"7":{"start":{"line":179,"column":0},"end":{"line":179,"column":null}},"8":{"start":{"line":182,"column":0},"end":{"line":182,"column":null}},"9":{"start":{"line":183,"column":0},"end":{"line":183,"column":null}},"10":{"start":{"line":186,"column":0},"end":{"line":186,"column":null}},"11":{"start":{"line":187,"column":0},"end":{"line":187,"column":null}},"12":{"start":{"line":188,"column":0},"end":{"line":188,"column":null}},"13":{"start":{"line":196,"column":0},"end":{"line":196,"column":null}},"14":{"start":{"line":202,"column":0},"end":{"line":202,"column":null}},"15":{"start":{"line":203,"column":0},"end":{"line":203,"column":null}},"16":{"start":{"line":207,"column":0},"end":{"line":207,"column":null}}},"fnMap":{"0":{"name":"(anonymous_1)","decl":{"start":{"line":144,"column":0},"end":{"line":144,"column":null}},"loc":{"start":{"line":144,"column":0},"end":{"line":192,"column":null}}},"1":{"name":"(anonymous_2)","decl":{"start":{"line":167,"column":0},"end":{"line":167,"column":null}},"loc":{"start":{"line":167,"column":0},"end":{"line":167,"column":null}}},"2":{"name":"(anonymous_3)","decl":{"start":{"line":168,"column":0},"end":{"line":168,"column":null}},"loc":{"start":{"line":168,"column":0},"end":{"line":174,"column":null}}},"3":{"name":"(anonymous_4)","decl":{"start":{"line":175,"column":0},"end":{"line":175,"column":null}},"loc":{"start":{"line":175,"column":0},"end":{"line":175,"column":null}}},"4":{"name":"(anonymous_5)","decl":{"start":{"line":177,"column":0},"end":{"line":177,"column":null}},"loc":{"start":{"line":177,"column":0},"end":{"line":180,"column":null}}},"5":{"name":"(anonymous_6)","decl":{"start":{"line":181,"column":0},"end":{"line":181,"column":null}},"loc":{"start":{"line":181,"column":0},"end":{"line":184,"column":null}}},"6":{"name":"(anonymous_7)","decl":{"start":{"line":185,"column":0},"end":{"line":185,"column":null}},"loc":{"start":{"line":185,"column":0},"end":{"line":189,"column":null}}},"7":{"name":"(anonymous_8)","decl":{"start":{"line":195,"column":0},"end":{"line":195,"column":null}},"loc":{"start":{"line":195,"column":0},"end":{"line":197,"column":null}}},"8":{"name":"(anonymous_9)","decl":{"start":{"line":201,"column":0},"end":{"line":201,"column":null}},"loc":{"start":{"line":201,"column":0},"end":{"line":205,"column":null}}},"9":{"name":"(anonymous_10)","decl":{"start":{"line":206,"column":0},"end":{"line":206,"column":null}},"loc":{"start":{"line":206,"column":0},"end":{"line":208,"column":null}}}},"branchMap":{"0":{"loc":{"start":{"line":167,"column":0},"end":{"line":167,"column":null}},"type":"binary-expr","locations":[{"start":{"line":167,"column":0},"end":{"line":167,"column":null}},{"start":{"line":167,"column":0},"end":{"line":167,"column":null}}]},"1":{"loc":{"start":{"line":170,"column":0},"end":{"line":170,"column":null}},"type":"binary-expr","locations":[{"start":{"line":170,"column":0},"end":{"line":170,"column":null}},{"start":{"line":170,"column":0},"end":{"line":170,"column":null}}]},"2":{"loc":{"start":{"line":175,"column":0},"end":{"line":175,"column":null}},"type":"binary-expr","locations":[{"start":{"line":175,"column":0},"end":{"line":175,"column":null}},{"start":{"line":175,"column":0},"end":{"line":175,"column":null}}]},"3":{"loc":{"start":{"line":179,"column":0},"end":{"line":179,"column":null}},"type":"binary-expr","locations":[{"start":{"line":179,"column":0},"end":{"line":179,"column":null}},{"start":{"line":179,"column":0},"end":{"line":179,"column":null}}]},"4":{"loc":{"start":{"line":183,"column":0},"end":{"line":183,"column":null}},"type":"binary-expr","locations":[{"start":{"line":183,"column":0},"end":{"line":183,"column":null}},{"start":{"line":183,"column":0},"end":{"line":183,"column":null}}]},"5":{"loc":{"start":{"line":188,"column":0},"end":{"line":188,"column":null}},"type":"binary-expr","locations":[{"start":{"line":188,"column":0},"end":{"line":188,"column":null}},{"start":{"line":188,"column":0},"end":{"line":188,"column":null}}]},"6":{"loc":{"start":{"line":203,"column":0},"end":{"line":203,"column":null}},"type":"if","locations":[{"start":{"line":203,"column":0},"end":{"line":203,"column":null}},{"start":{"line":203,"column":0},"end":{"line":203,"column":null}}]}},"s":{"0":14,"1":1,"2":0,"3":0,"4":0,"5":0,"6":0,"7":0,"8":0,"9":0,"10":0,"11":0,"12":0,"13":1,"14":0,"15":0,"16":0},"f":{"0":1,"1":0,"2":0,"3":0,"4":0,"5":0,"6":0,"7":1,"8":0,"9":0},"b":{"0":[0,0],"1":[0,0],"2":[0,0],"3":[0,0],"4":[0,0],"5":[0,0],"6":[0,0]}}
,"C:\\Users\\margh\\Desktop\\front-end-vue\\codice\\src\\view\\UploadOpera.vue": {"path":"C:\\Users\\margh\\Desktop\\front-end-vue\\codice\\src\\view\\UploadOpera.vue","statementMap":{"0":{"start":{"line":151,"column":0},"end":{"line":151,"column":null}},"1":{"start":{"line":158,"column":0},"end":{"line":158,"column":null}},"2":{"start":{"line":181,"column":0},"end":{"line":181,"column":null}},"3":{"start":{"line":193,"column":0},"end":{"line":193,"column":null}},"4":{"start":{"line":198,"column":0},"end":{"line":198,"column":null}},"5":{"start":{"line":203,"column":0},"end":{"line":203,"column":null}},"6":{"start":{"line":207,"column":0},"end":{"line":207,"column":null}},"7":{"start":{"line":211,"column":0},"end":{"line":211,"column":null}},"8":{"start":{"line":212,"column":0},"end":{"line":212,"column":null}},"9":{"start":{"line":213,"column":0},"end":{"line":213,"column":null}},"10":{"start":{"line":214,"column":0},"end":{"line":214,"column":null}},"11":{"start":{"line":215,"column":0},"end":{"line":215,"column":null}},"12":{"start":{"line":216,"column":0},"end":{"line":216,"column":null}},"13":{"start":{"line":220,"column":0},"end":{"line":220,"column":null}},"14":{"start":{"line":221,"column":0},"end":{"line":241,"column":null}},"15":{"start":{"line":222,"column":0},"end":{"line":222,"column":null}},"16":{"start":{"line":224,"column":0},"end":{"line":240,"column":null}},"17":{"start":{"line":225,"column":0},"end":{"line":225,"column":null}},"18":{"start":{"line":226,"column":0},"end":{"line":226,"column":null}},"19":{"start":{"line":227,"column":0},"end":{"line":227,"column":null}},"20":{"start":{"line":228,"column":0},"end":{"line":240,"column":null}},"21":{"start":{"line":229,"column":0},"end":{"line":229,"column":null}},"22":{"start":{"line":230,"column":0},"end":{"line":230,"column":null}},"23":{"start":{"line":231,"column":0},"end":{"line":231,"column":null}},"24":{"start":{"line":232,"column":0},"end":{"line":240,"column":null}},"25":{"start":{"line":233,"column":0},"end":{"line":233,"column":null}},"26":{"start":{"line":234,"column":0},"end":{"line":234,"column":null}},"27":{"start":{"line":235,"column":0},"end":{"line":235,"column":null}},"28":{"start":{"line":237,"column":0},"end":{"line":237,"column":null}},"29":{"start":{"line":238,"column":0},"end":{"line":238,"column":null}},"30":{"start":{"line":239,"column":0},"end":{"line":239,"column":null}}},"fnMap":{"0":{"name":"(anonymous_1)","decl":{"start":{"line":157,"column":0},"end":{"line":157,"column":null}},"loc":{"start":{"line":157,"column":0},"end":{"line":189,"column":null}}},"1":{"name":"(anonymous_2)","decl":{"start":{"line":181,"column":0},"end":{"line":181,"column":null}},"loc":{"start":{"line":181,"column":0},"end":{"line":181,"column":null}}},"2":{"name":"(anonymous_3)","decl":{"start":{"line":192,"column":0},"end":{"line":192,"column":null}},"loc":{"start":{"line":192,"column":0},"end":{"line":194,"column":null}}},"3":{"name":"(anonymous_4)","decl":{"start":{"line":197,"column":0},"end":{"line":197,"column":null}},"loc":{"start":{"line":197,"column":0},"end":{"line":199,"column":null}}},"4":{"name":"(anonymous_5)","decl":{"start":{"line":202,"column":0},"end":{"line":202,"column":null}},"loc":{"start":{"line":202,"column":0},"end":{"line":204,"column":null}}},"5":{"name":"(anonymous_6)","decl":{"start":{"line":206,"column":0},"end":{"line":206,"column":null}},"loc":{"start":{"line":206,"column":0},"end":{"line":218,"column":null}}},"6":{"name":"(anonymous_7)","decl":{"start":{"line":219,"column":0},"end":{"line":219,"column":null}},"loc":{"start":{"line":219,"column":0},"end":{"line":242,"column":null}}}},"branchMap":{"0":{"loc":{"start":{"line":181,"column":0},"end":{"line":181,"column":null}},"type":"binary-expr","locations":[{"start":{"line":181,"column":0},"end":{"line":181,"column":null}},{"start":{"line":181,"column":0},"end":{"line":181,"column":null}}]},"1":{"loc":{"start":{"line":207,"column":0},"end":{"line":207,"column":null}},"type":"if","locations":[{"start":{"line":207,"column":0},"end":{"line":207,"column":null}},{"start":{"line":207,"column":0},"end":{"line":207,"column":null}}]},"2":{"loc":{"start":{"line":216,"column":0},"end":{"line":216,"column":null}},"type":"if","locations":[{"start":{"line":216,"column":0},"end":{"line":216,"column":null}},{"start":{"line":216,"column":0},"end":{"line":216,"column":null}}]},"3":{"loc":{"start":{"line":221,"column":0},"end":{"line":241,"column":null}},"type":"if","locations":[{"start":{"line":221,"column":0},"end":{"line":241,"column":null}},{"start":{"line":221,"column":0},"end":{"line":241,"column":null}}]},"4":{"loc":{"start":{"line":224,"column":0},"end":{"line":240,"column":null}},"type":"if","locations":[{"start":{"line":224,"column":0},"end":{"line":240,"column":null}},{"start":{"line":224,"column":0},"end":{"line":240,"column":null}}]},"5":{"loc":{"start":{"line":228,"column":0},"end":{"line":240,"column":null}},"type":"if","locations":[{"start":{"line":228,"column":0},"end":{"line":240,"column":null}},{"start":{"line":228,"column":0},"end":{"line":240,"column":null}}]},"6":{"loc":{"start":{"line":232,"column":0},"end":{"line":240,"column":null}},"type":"if","locations":[{"start":{"line":232,"column":0},"end":{"line":240,"column":null}},{"start":{"line":232,"column":0},"end":{"line":240,"column":null}}]}},"s":{"0":14,"1":1,"2":0,"3":1,"4":1,"5":1,"6":0,"7":0,"8":0,"9":0,"10":0,"11":0,"12":0,"13":0,"14":0,"15":0,"16":0,"17":0,"18":0,"19":0,"20":0,"21":0,"22":0,"23":0,"24":0,"25":0,"26":0,"27":0,"28":0,"29":0,"30":0},"f":{"0":1,"1":0,"2":1,"3":1,"4":1,"5":0,"6":0},"b":{"0":[0,0],"1":[0,0],"2":[0,0],"3":[0,0],"4":[0,0],"5":[0,0],"6":[0,0]}}
,"C:\\Users\\margh\\Desktop\\front-end-vue\\codice\\src\\view\\UserPage.vue": {"path":"C:\\Users\\margh\\Desktop\\front-end-vue\\codice\\src\\view\\UserPage.vue","statementMap":{"0":{"start":{"line":64,"column":0},"end":{"line":64,"column":null}},"1":{"start":{"line":65,"column":0},"end":{"line":65,"column":null}},"2":{"start":{"line":66,"column":0},"end":{"line":66,"column":null}},"3":{"start":{"line":76,"column":0},"end":{"line":76,"column":null}},"4":{"start":{"line":87,"column":0},"end":{"line":87,"column":null}}},"fnMap":{"0":{"name":"(anonymous_1)","decl":{"start":{"line":75,"column":0},"end":{"line":75,"column":null}},"loc":{"start":{"line":75,"column":0},"end":{"line":83,"column":null}}},"1":{"name":"(anonymous_2)","decl":{"start":{"line":86,"column":0},"end":{"line":86,"column":null}},"loc":{"start":{"line":86,"column":0},"end":{"line":88,"column":null}}}},"branchMap":{},"s":{"0":14,"1":14,"2":14,"3":1,"4":1},"f":{"0":1,"1":1},"b":{}}
,"C:\\Users\\margh\\Desktop\\front-end-vue\\codice\\src\\view\\operasList.vue": {"path":"C:\\Users\\margh\\Desktop\\front-end-vue\\codice\\src\\view\\operasList.vue","statementMap":{"0":{"start":{"line":43,"column":0},"end":{"line":43,"column":null}},"1":{"start":{"line":44,"column":0},"end":{"line":44,"column":null}},"2":{"start":{"line":52,"column":0},"end":{"line":52,"column":null}},"3":{"start":{"line":88,"column":0},"end":{"line":88,"column":null}},"4":{"start":{"line":93,"column":0},"end":{"line":93,"column":null}},"5":{"start":{"line":94,"column":0},"end":{"line":94,"column":null}},"6":{"start":{"line":95,"column":0},"end":{"line":95,"column":null}},"7":{"start":{"line":96,"column":0},"end":{"line":96,"column":null}},"8":{"start":{"line":97,"column":0},"end":{"line":97,"column":null}},"9":{"start":{"line":102,"column":0},"end":{"line":102,"column":null}}},"fnMap":{"0":{"name":"(anonymous_1)","decl":{"start":{"line":51,"column":0},"end":{"line":51,"column":null}},"loc":{"start":{"line":51,"column":0},"end":{"line":84,"column":null}}},"1":{"name":"(anonymous_2)","decl":{"start":{"line":87,"column":0},"end":{"line":87,"column":null}},"loc":{"start":{"line":87,"column":0},"end":{"line":89,"column":null}}},"2":{"name":"(anonymous_3)","decl":{"start":{"line":92,"column":0},"end":{"line":92,"column":null}},"loc":{"start":{"line":92,"column":0},"end":{"line":98,"column":null}}},"3":{"name":"(anonymous_4)","decl":{"start":{"line":101,"column":0},"end":{"line":101,"column":null}},"loc":{"start":{"line":101,"column":0},"end":{"line":103,"column":null}}}},"branchMap":{},"s":{"0":14,"1":14,"2":1,"3":1,"4":1,"5":1,"6":1,"7":1,"8":1,"9":1},"f":{"0":1,"1":1,"2":1,"3":1},"b":{}}
}
