TN:
SF:C:\Users\margh\Desktop\front-end-vue\codice\src\App.vue
FN:1,(anonymous_0)
FN:31,render
FNF:2
FNH:2
FNDA:2,(anonymous_0)
FNDA:1,render
DA:1,2
DA:4,2
DA:6,2
DA:9,2
DA:11,2
DA:22,2
DA:28,2
DA:30,2
DA:31,2
DA:32,2
LF:10
LH:10
BRDA:30,0,0,2
BRDA:30,0,1,0
BRDA:30,1,0,0
BRDA:30,1,1,2
BRDA:31,2,0,1
BRDA:31,2,1,0
BRDA:31,3,0,0
BRDA:31,3,1,0
BRF:8
BRH:3
end_of_record
TN:
SF:C:\Users\margh\Desktop\front-end-vue\codice\src\components\Navbar.vue
FN:70,(anonymous_1)
FN:83,(anonymous_2)
FN:88,(anonymous_3)
FN:94,(anonymous_4)
FNF:4
FNH:2
FNDA:2,(anonymous_1)
FNDA:2,(anonymous_2)
FNDA:0,(anonymous_3)
FNDA:0,(anonymous_4)
DA:68,3
DA:71,2
DA:84,2
DA:89,0
DA:95,0
DA:96,0
LF:6
LH:3
BRDA:96,0,0,0
BRDA:96,0,1,0
BRF:2
BRH:0
end_of_record
TN:
SF:C:\Users\margh\Desktop\front-end-vue\codice\src\components\ShowOpera.vue
FN:81,(anonymous_1)
FNF:1
FNH:1
FNDA:1,(anonymous_1)
DA:82,1
LF:1
LH:1
BRF:0
BRH:0
end_of_record
TN:
SF:C:\Users\margh\Desktop\front-end-vue\codice\src\components\ViewOperaHome.vue
FN:70,(anonymous_1)
FNF:1
FNH:1
FNDA:1,(anonymous_1)
DA:71,1
LF:1
LH:1
BRF:0
BRH:0
end_of_record
TN:
SF:C:\Users\margh\Desktop\front-end-vue\codice\src\components\editOpera.vue
FN:56,(anonymous_1)
FN:61,(anonymous_2)
FN:67,(anonymous_3)
FN:72,(anonymous_4)
FN:81,(anonymous_5)
FNF:5
FNH:2
FNDA:1,(anonymous_1)
FNDA:0,(anonymous_2)
FNDA:0,(anonymous_3)
FNDA:1,(anonymous_4)
FNDA:0,(anonymous_5)
DA:57,1
DA:61,0
DA:68,0
DA:73,1
DA:74,0
DA:78,0
DA:82,0
DA:88,0
DA:89,0
LF:9
LH:2
BRDA:61,0,0,0
BRDA:61,0,1,0
BRDA:74,1,0,0
BRDA:74,1,1,0
BRDA:82,2,0,0
BRDA:82,2,1,0
BRF:6
BRH:0
end_of_record
TN:
SF:C:\Users\margh\Desktop\front-end-vue\codice\src\components\editUserData.vue
FN:90,(anonymous_1)
FN:107,(anonymous_2)
FN:108,(anonymous_3)
FN:119,(anonymous_4)
FNF:4
FNH:1
FNDA:1,(anonymous_1)
FNDA:0,(anonymous_2)
FNDA:0,(anonymous_3)
FNDA:0,(anonymous_4)
DA:91,1
DA:107,0
DA:109,0
DA:110,0
DA:120,0
DA:121,0
LF:6
LH:1
BRDA:107,0,0,0
BRDA:107,0,1,0
BRDA:110,1,0,0
BRDA:110,1,1,0
BRF:4
BRH:0
end_of_record
TN:
SF:C:\Users\margh\Desktop\front-end-vue\codice\src\components\editUserPassword.vue
FN:60,(anonymous_1)
FN:73,(anonymous_2)
FN:74,(anonymous_3)
FN:85,(anonymous_4)
FNF:4
FNH:1
FNDA:1,(anonymous_1)
FNDA:0,(anonymous_2)
FNDA:0,(anonymous_3)
FNDA:0,(anonymous_4)
DA:61,1
DA:73,0
DA:75,0
DA:76,0
DA:86,0
DA:87,0
LF:6
LH:1
BRDA:73,0,0,0
BRDA:73,0,1,0
BRDA:76,1,0,0
BRDA:76,1,1,0
BRF:4
BRH:0
end_of_record
TN:
SF:C:\Users\margh\Desktop\front-end-vue\codice\src\plugins\vuetify.js
FNF:0
FNH:0
DA:4,0
LF:1
LH:0
BRF:0
BRH:0
end_of_record
TN:
SF:C:\Users\margh\Desktop\front-end-vue\codice\src\router\router.js
FNF:0
FNH:0
DA:9,13
DA:11,13
DA:39,13
LF:3
LH:3
BRF:0
BRH:0
end_of_record
TN:
SF:C:\Users\margh\Desktop\front-end-vue\codice\src\store\index.js
FNF:0
FNH:0
DA:7,13
DA:11,13
LF:2
LH:2
BRF:0
BRH:0
end_of_record
TN:
SF:C:\Users\margh\Desktop\front-end-vue\codice\src\store\modules\currentUser.js
FN:14,(anonymous_0)
FN:20,(anonymous_1)
FN:26,(anonymous_2)
FN:30,(anonymous_3)
FN:34,(anonymous_4)
FN:44,(anonymous_5)
FN:50,(anonymous_6)
FN:54,(anonymous_7)
FN:66,(anonymous_8)
FN:71,(anonymous_9)
FN:80,(anonymous_10)
FN:90,(anonymous_11)
FN:99,(anonymous_12)
FN:102,(anonymous_13)
FN:105,(anonymous_14)
FN:111,(anonymous_15)
FN:114,(anonymous_16)
FN:117,(anonymous_17)
FN:120,(anonymous_18)
FNF:19
FNH:4
FNDA:0,(anonymous_0)
FNDA:0,(anonymous_1)
FNDA:0,(anonymous_2)
FNDA:0,(anonymous_3)
FNDA:0,(anonymous_4)
FNDA:0,(anonymous_5)
FNDA:0,(anonymous_6)
FNDA:0,(anonymous_7)
FNDA:0,(anonymous_8)
FNDA:0,(anonymous_9)
FNDA:0,(anonymous_10)
FNDA:0,(anonymous_11)
FNDA:0,(anonymous_12)
FNDA:0,(anonymous_13)
FNDA:0,(anonymous_14)
FNDA:1,(anonymous_15)
FNDA:1,(anonymous_16)
FNDA:1,(anonymous_17)
FNDA:4,(anonymous_18)
DA:4,13
DA:5,13
DA:7,13
DA:13,13
DA:15,0
DA:21,0
DA:22,0
DA:23,0
DA:24,0
DA:27,0
DA:31,0
DA:32,0
DA:35,0
DA:45,0
DA:46,0
DA:47,0
DA:48,0
DA:51,0
DA:55,0
DA:56,0
DA:57,0
DA:67,0
DA:68,0
DA:72,0
DA:79,13
DA:81,0
DA:82,0
DA:84,0
DA:85,0
DA:86,0
DA:87,0
DA:91,0
DA:92,0
DA:94,0
DA:95,0
DA:100,0
DA:103,0
DA:106,0
DA:107,0
DA:110,13
DA:112,1
DA:115,1
DA:118,1
DA:121,4
LF:44
LH:10
BRDA:81,0,0,0
BRDA:81,0,1,0
BRDA:84,1,0,0
BRDA:84,1,1,0
BRDA:86,2,0,0
BRDA:86,2,1,0
BRDA:91,3,0,0
BRDA:91,3,1,0
BRDA:94,4,0,0
BRDA:94,4,1,0
BRF:10
BRH:0
end_of_record
TN:
SF:C:\Users\margh\Desktop\front-end-vue\codice\src\store\modules\nftService.js
FN:16,(anonymous_0)
FN:19,(anonymous_1)
FN:23,(anonymous_2)
FN:24,(anonymous_3)
FN:28,(anonymous_4)
FN:29,(anonymous_5)
FN:33,(anonymous_6)
FN:38,(anonymous_7)
FN:42,(anonymous_8)
FN:46,(anonymous_9)
FN:62,(anonymous_10)
FN:68,(anonymous_11)
FN:71,(anonymous_12)
FN:74,(anonymous_13)
FN:77,(anonymous_14)
FN:80,(anonymous_15)
FN:85,(anonymous_16)
FN:88,(anonymous_17)
FN:91,(anonymous_18)
FN:94,(anonymous_19)
FN:97,(anonymous_20)
FNF:21
FNH:7
FNDA:1,(anonymous_0)
FNDA:0,(anonymous_1)
FNDA:2,(anonymous_2)
FNDA:0,(anonymous_3)
FNDA:1,(anonymous_4)
FNDA:0,(anonymous_5)
FNDA:0,(anonymous_6)
FNDA:0,(anonymous_7)
FNDA:0,(anonymous_8)
FNDA:0,(anonymous_9)
FNDA:0,(anonymous_10)
FNDA:0,(anonymous_11)
FNDA:0,(anonymous_12)
FNDA:0,(anonymous_13)
FNDA:0,(anonymous_14)
FNDA:0,(anonymous_15)
FNDA:1,(anonymous_16)
FNDA:2,(anonymous_17)
FNDA:1,(anonymous_18)
FNDA:0,(anonymous_19)
FNDA:1,(anonymous_20)
DA:4,13
DA:5,13
DA:6,13
DA:8,13
DA:15,13
DA:18,1
DA:19,0
DA:20,0
DA:24,2
DA:25,0
DA:29,1
DA:30,0
DA:35,0
DA:36,0
DA:39,0
DA:40,0
DA:43,0
DA:48,0
DA:49,0
DA:63,0
DA:67,13
DA:69,0
DA:72,0
DA:75,0
DA:78,0
DA:81,0
DA:84,13
DA:86,1
DA:89,2
DA:92,1
DA:95,0
DA:98,1
LF:32
LH:14
BRF:0
BRH:0
end_of_record
TN:
SF:C:\Users\margh\Desktop\front-end-vue\codice\src\view\Home.vue
FN:69,(anonymous_1)
FN:101,(anonymous_2)
FN:106,(anonymous_3)
FN:111,(anonymous_4)
FN:137,(anonymous_5)
FNF:5
FNH:5
FNDA:1,(anonymous_1)
FNDA:1,(anonymous_2)
FNDA:1,(anonymous_3)
FNDA:1,(anonymous_4)
FNDA:1,(anonymous_5)
DA:63,13
DA:70,1
DA:102,1
DA:107,1
DA:112,1
DA:113,1
DA:114,1
DA:115,1
DA:116,0
DA:117,0
DA:118,0
DA:119,0
DA:122,0
DA:128,1
DA:130,1
DA:131,1
DA:132,1
DA:133,1
DA:138,1
DA:139,1
LF:20
LH:15
BRDA:115,0,0,0
BRDA:115,0,1,1
BRDA:119,1,0,0
BRDA:119,1,1,0
BRF:4
BRH:1
end_of_record
TN:
SF:C:\Users\margh\Desktop\front-end-vue\codice\src\view\LogIn.vue
FN:78,(anonymous_1)
FN:93,(anonymous_2)
FN:94,(anonymous_3)
FN:101,(anonymous_4)
FN:110,(anonymous_5)
FN:116,(anonymous_6)
FNF:6
FNH:2
FNDA:1,(anonymous_1)
FNDA:0,(anonymous_2)
FNDA:0,(anonymous_3)
FNDA:0,(anonymous_4)
FNDA:1,(anonymous_5)
FNDA:0,(anonymous_6)
DA:71,13
DA:79,1
DA:93,0
DA:95,0
DA:96,0
DA:102,0
DA:103,0
DA:111,1
DA:117,0
DA:118,0
LF:10
LH:3
BRDA:93,0,0,0
BRDA:93,0,1,0
BRDA:96,1,0,0
BRDA:96,1,1,0
BRDA:103,2,0,0
BRDA:103,2,1,0
BRDA:118,3,0,0
BRDA:118,3,1,0
BRF:8
BRH:0
end_of_record
TN:
SF:C:\Users\margh\Desktop\front-end-vue\codice\src\view\Particle.vue
FN:16,(anonymous_1)
FN:33,(anonymous_2)
FN:41,(anonymous_5)
FNF:3
FNH:0
FNDA:0,(anonymous_1)
FNDA:0,(anonymous_2)
FNDA:0,(anonymous_5)
DA:19,0
DA:22,0
DA:23,0
DA:24,0
DA:27,0
DA:28,0
DA:30,0
DA:33,0
DA:44,0
DA:47,0
LF:10
LH:0
BRF:0
BRH:0
end_of_record
TN:
SF:C:\Users\margh\Desktop\front-end-vue\codice\src\view\SignUp.vue
FN:125,(anonymous_1)
FN:148,(anonymous_2)
FN:149,(anonymous_3)
FN:156,(anonymous_4)
FN:158,(anonymous_5)
FN:162,(anonymous_6)
FN:166,(anonymous_7)
FN:176,(anonymous_8)
FN:182,(anonymous_9)
FN:187,(anonymous_10)
FNF:10
FNH:2
FNDA:1,(anonymous_1)
FNDA:0,(anonymous_2)
FNDA:0,(anonymous_3)
FNDA:0,(anonymous_4)
FNDA:0,(anonymous_5)
FNDA:0,(anonymous_6)
FNDA:0,(anonymous_7)
FNDA:1,(anonymous_8)
FNDA:0,(anonymous_9)
FNDA:0,(anonymous_10)
DA:118,13
DA:126,1
DA:148,0
DA:150,0
DA:151,0
DA:156,0
DA:159,0
DA:160,0
DA:163,0
DA:164,0
DA:167,0
DA:168,0
DA:169,0
DA:177,1
DA:183,0
DA:184,0
DA:188,0
LF:17
LH:3
BRDA:148,0,0,0
BRDA:148,0,1,0
BRDA:151,1,0,0
BRDA:151,1,1,0
BRDA:156,2,0,0
BRDA:156,2,1,0
BRDA:160,3,0,0
BRDA:160,3,1,0
BRDA:164,4,0,0
BRDA:164,4,1,0
BRDA:169,5,0,0
BRDA:169,5,1,0
BRDA:184,6,0,0
BRDA:184,6,1,0
BRF:14
BRH:0
end_of_record
TN:
SF:C:\Users\margh\Desktop\front-end-vue\codice\src\view\UploadOpera.vue
FN:150,(anonymous_1)
FN:174,(anonymous_2)
FN:185,(anonymous_3)
FN:190,(anonymous_4)
FN:195,(anonymous_5)
FN:199,(anonymous_6)
FN:212,(anonymous_7)
FNF:7
FNH:4
FNDA:1,(anonymous_1)
FNDA:0,(anonymous_2)
FNDA:1,(anonymous_3)
FNDA:1,(anonymous_4)
FNDA:1,(anonymous_5)
FNDA:0,(anonymous_6)
FNDA:0,(anonymous_7)
DA:144,13
DA:151,1
DA:174,0
DA:186,1
DA:191,1
DA:196,1
DA:200,0
DA:204,0
DA:205,0
DA:206,0
DA:207,0
DA:208,0
DA:209,0
DA:213,0
DA:214,0
DA:215,0
DA:217,0
DA:218,0
DA:219,0
DA:220,0
DA:221,0
DA:222,0
DA:223,0
DA:224,0
DA:225,0
DA:226,0
DA:227,0
DA:228,0
DA:230,0
DA:231,0
DA:232,0
LF:31
LH:5
BRDA:174,0,0,0
BRDA:174,0,1,0
BRDA:200,1,0,0
BRDA:200,1,1,0
BRDA:209,2,0,0
BRDA:209,2,1,0
BRDA:214,3,0,0
BRDA:214,3,1,0
BRDA:217,4,0,0
BRDA:217,4,1,0
BRDA:221,5,0,0
BRDA:221,5,1,0
BRDA:225,6,0,0
BRDA:225,6,1,0
BRF:14
BRH:0
end_of_record
TN:
SF:C:\Users\margh\Desktop\front-end-vue\codice\src\view\UserPage.vue
FN:75,(anonymous_1)
FN:86,(anonymous_2)
FNF:2
FNH:2
FNDA:1,(anonymous_1)
FNDA:1,(anonymous_2)
DA:64,13
DA:65,13
DA:66,13
DA:76,1
DA:87,1
LF:5
LH:5
BRF:0
BRH:0
end_of_record
TN:
SF:C:\Users\margh\Desktop\front-end-vue\codice\src\view\operasList.vue
FN:38,(anonymous_1)
FN:53,(anonymous_2)
FN:58,(anonymous_3)
FN:67,(anonymous_4)
FNF:4
FNH:4
FNDA:1,(anonymous_1)
FNDA:1,(anonymous_2)
FNDA:1,(anonymous_3)
FNDA:1,(anonymous_4)
DA:30,13
DA:31,13
DA:39,1
DA:54,1
DA:59,1
DA:60,1
DA:61,1
DA:62,1
DA:63,1
DA:68,1
LF:10
LH:10
BRF:0
BRH:0
end_of_record
