TN:
SF:C:\Users\margh\Desktop\front-end-vue\src\App.vue
FN:1,(anonymous_0)
FN:31,render
FNF:2
FNH:2
FNDA:2,(anonymous_0)
FNDA:1,render
DA:1,2
DA:4,2
DA:6,2
DA:9,2
DA:11,2
DA:22,2
DA:28,2
DA:30,2
DA:31,2
DA:32,2
LF:10
LH:10
BRDA:30,0,0,2
BRDA:30,0,1,0
BRDA:30,1,0,0
BRDA:30,1,1,2
BRDA:31,2,0,1
BRDA:31,2,1,0
BRDA:31,3,0,0
BRDA:31,3,1,0
BRF:8
BRH:3
end_of_record
TN:
SF:C:\Users\margh\Desktop\front-end-vue\src\components\Navbar.vue
FN:44,(anonymous_1)
FN:57,(anonymous_2)
FN:62,(anonymous_3)
FN:68,(anonymous_4)
FNF:4
FNH:2
FNDA:2,(anonymous_1)
FNDA:2,(anonymous_2)
FNDA:0,(anonymous_3)
FNDA:0,(anonymous_4)
DA:42,3
DA:45,2
DA:58,2
DA:63,0
DA:69,0
DA:70,0
LF:6
LH:3
BRDA:70,0,0,0
BRDA:70,0,1,0
BRF:2
BRH:0
end_of_record
TN:
SF:C:\Users\margh\Desktop\front-end-vue\src\components\editOpera.vue
FN:56,(anonymous_1)
FN:60,(anonymous_2)
FN:66,(anonymous_3)
FN:71,(anonymous_4)
FN:80,(anonymous_5)
FNF:5
FNH:0
FNDA:0,(anonymous_1)
FNDA:0,(anonymous_2)
FNDA:0,(anonymous_3)
FNDA:0,(anonymous_4)
FNDA:0,(anonymous_5)
DA:57,0
DA:60,0
DA:67,0
DA:72,0
DA:73,0
DA:77,0
DA:81,0
DA:87,0
DA:88,0
DA:89,0
LF:10
LH:0
BRDA:60,0,0,0
BRDA:60,0,1,0
BRDA:73,1,0,0
BRDA:73,1,1,0
BRDA:81,2,0,0
BRDA:81,2,1,0
BRF:6
BRH:0
end_of_record
TN:
SF:C:\Users\margh\Desktop\front-end-vue\src\components\editUserData.vue
FN:49,(anonymous_1)
FN:63,(anonymous_2)
FN:64,(anonymous_3)
FN:75,(anonymous_4)
FNF:4
FNH:1
FNDA:1,(anonymous_1)
FNDA:0,(anonymous_2)
FNDA:0,(anonymous_3)
FNDA:0,(anonymous_4)
DA:50,1
DA:63,0
DA:65,0
DA:66,0
DA:76,0
DA:77,0
LF:6
LH:1
BRDA:63,0,0,0
BRDA:63,0,1,0
BRDA:66,1,0,0
BRDA:66,1,1,0
BRF:4
BRH:0
end_of_record
TN:
SF:C:\Users\margh\Desktop\front-end-vue\src\components\editUserPassword.vue
FN:52,(anonymous_1)
FN:65,(anonymous_2)
FN:66,(anonymous_3)
FN:77,(anonymous_4)
FNF:4
FNH:1
FNDA:1,(anonymous_1)
FNDA:0,(anonymous_2)
FNDA:0,(anonymous_3)
FNDA:0,(anonymous_4)
DA:53,1
DA:65,0
DA:67,0
DA:68,0
DA:78,0
DA:79,0
LF:6
LH:1
BRDA:65,0,0,0
BRDA:65,0,1,0
BRDA:68,1,0,0
BRDA:68,1,1,0
BRF:4
BRH:0
end_of_record
TN:
SF:C:\Users\margh\Desktop\front-end-vue\src\components\operasList.vue
FN:27,(anonymous_1)
FN:37,(anonymous_2)
FN:42,(anonymous_3)
FN:51,(anonymous_4)
FNF:4
FNH:4
FNDA:1,(anonymous_1)
FNDA:1,(anonymous_2)
FNDA:1,(anonymous_3)
FNDA:1,(anonymous_4)
DA:19,12
DA:20,12
DA:28,1
DA:38,1
DA:43,1
DA:44,1
DA:45,1
DA:46,1
DA:47,1
DA:52,1
LF:10
LH:10
BRF:0
BRH:0
end_of_record
TN:
SF:C:\Users\margh\Desktop\front-end-vue\src\plugins\vuetify.js
FNF:0
FNH:0
DA:4,0
LF:1
LH:0
BRF:0
BRH:0
end_of_record
TN:
SF:C:\Users\margh\Desktop\front-end-vue\src\router\router.js
FNF:0
FNH:0
DA:9,12
DA:11,12
DA:39,12
LF:3
LH:3
BRF:0
BRH:0
end_of_record
TN:
SF:C:\Users\margh\Desktop\front-end-vue\src\store\index.js
FNF:0
FNH:0
DA:7,12
DA:11,12
LF:2
LH:2
BRF:0
BRH:0
end_of_record
TN:
SF:C:\Users\margh\Desktop\front-end-vue\src\store\modules\currentUser.js
FN:14,(anonymous_0)
FN:20,(anonymous_1)
FN:26,(anonymous_2)
FN:30,(anonymous_3)
FN:34,(anonymous_4)
FN:44,(anonymous_5)
FN:50,(anonymous_6)
FN:54,(anonymous_7)
FN:66,(anonymous_8)
FN:71,(anonymous_9)
FN:80,(anonymous_10)
FN:90,(anonymous_11)
FN:99,(anonymous_12)
FN:102,(anonymous_13)
FN:105,(anonymous_14)
FN:111,(anonymous_15)
FN:114,(anonymous_16)
FN:117,(anonymous_17)
FN:120,(anonymous_18)
FNF:19
FNH:4
FNDA:0,(anonymous_0)
FNDA:0,(anonymous_1)
FNDA:0,(anonymous_2)
FNDA:0,(anonymous_3)
FNDA:0,(anonymous_4)
FNDA:0,(anonymous_5)
FNDA:0,(anonymous_6)
FNDA:0,(anonymous_7)
FNDA:0,(anonymous_8)
FNDA:0,(anonymous_9)
FNDA:0,(anonymous_10)
FNDA:0,(anonymous_11)
FNDA:0,(anonymous_12)
FNDA:0,(anonymous_13)
FNDA:0,(anonymous_14)
FNDA:1,(anonymous_15)
FNDA:1,(anonymous_16)
FNDA:1,(anonymous_17)
FNDA:1,(anonymous_18)
DA:4,12
DA:5,12
DA:7,12
DA:13,12
DA:15,0
DA:21,0
DA:22,0
DA:23,0
DA:24,0
DA:27,0
DA:31,0
DA:32,0
DA:35,0
DA:45,0
DA:46,0
DA:47,0
DA:48,0
DA:51,0
DA:55,0
DA:56,0
DA:57,0
DA:67,0
DA:68,0
DA:72,0
DA:79,12
DA:81,0
DA:82,0
DA:84,0
DA:85,0
DA:86,0
DA:87,0
DA:91,0
DA:92,0
DA:94,0
DA:95,0
DA:100,0
DA:103,0
DA:106,0
DA:107,0
DA:110,12
DA:112,1
DA:115,1
DA:118,1
DA:121,1
LF:44
LH:10
BRDA:81,0,0,0
BRDA:81,0,1,0
BRDA:84,1,0,0
BRDA:84,1,1,0
BRDA:86,2,0,0
BRDA:86,2,1,0
BRDA:91,3,0,0
BRDA:91,3,1,0
BRDA:94,4,0,0
BRDA:94,4,1,0
BRF:10
BRH:0
end_of_record
TN:
SF:C:\Users\margh\Desktop\front-end-vue\src\store\modules\nftService.js
FN:16,(anonymous_0)
FN:19,(anonymous_1)
FN:23,(anonymous_2)
FN:24,(anonymous_3)
FN:28,(anonymous_4)
FN:29,(anonymous_5)
FN:33,(anonymous_6)
FN:38,(anonymous_7)
FN:42,(anonymous_8)
FN:46,(anonymous_9)
FN:62,(anonymous_10)
FN:68,(anonymous_11)
FN:71,(anonymous_12)
FN:74,(anonymous_13)
FN:77,(anonymous_14)
FN:80,(anonymous_15)
FN:85,(anonymous_16)
FN:88,(anonymous_17)
FN:91,(anonymous_18)
FN:94,(anonymous_19)
FN:97,(anonymous_20)
FNF:21
FNH:6
FNDA:1,(anonymous_0)
FNDA:0,(anonymous_1)
FNDA:1,(anonymous_2)
FNDA:0,(anonymous_3)
FNDA:1,(anonymous_4)
FNDA:0,(anonymous_5)
FNDA:0,(anonymous_6)
FNDA:0,(anonymous_7)
FNDA:0,(anonymous_8)
FNDA:0,(anonymous_9)
FNDA:0,(anonymous_10)
FNDA:0,(anonymous_11)
FNDA:0,(anonymous_12)
FNDA:0,(anonymous_13)
FNDA:0,(anonymous_14)
FNDA:0,(anonymous_15)
FNDA:1,(anonymous_16)
FNDA:0,(anonymous_17)
FNDA:1,(anonymous_18)
FNDA:0,(anonymous_19)
FNDA:1,(anonymous_20)
DA:4,12
DA:5,12
DA:6,12
DA:8,12
DA:15,12
DA:18,1
DA:19,0
DA:20,0
DA:24,1
DA:25,0
DA:29,1
DA:30,0
DA:35,0
DA:36,0
DA:39,0
DA:40,0
DA:43,0
DA:48,0
DA:49,0
DA:63,0
DA:67,12
DA:69,0
DA:72,0
DA:75,0
DA:78,0
DA:81,0
DA:84,12
DA:86,1
DA:89,0
DA:92,1
DA:95,0
DA:98,1
LF:32
LH:13
BRF:0
BRH:0
end_of_record
TN:
SF:C:\Users\margh\Desktop\front-end-vue\src\view\Home.vue
FN:46,(anonymous_1)
FN:56,(anonymous_2)
FN:61,(anonymous_3)
FN:70,(anonymous_4)
FNF:4
FNH:4
FNDA:1,(anonymous_1)
FNDA:1,(anonymous_2)
FNDA:1,(anonymous_3)
FNDA:1,(anonymous_4)
DA:40,12
DA:47,1
DA:57,1
DA:62,1
DA:63,1
DA:64,1
DA:65,1
DA:66,1
DA:71,1
LF:9
LH:9
BRF:0
BRH:0
end_of_record
TN:
SF:C:\Users\margh\Desktop\front-end-vue\src\view\LogIn.vue
FN:75,(anonymous_1)
FN:89,(anonymous_2)
FN:90,(anonymous_3)
FN:97,(anonymous_4)
FN:106,(anonymous_5)
FN:112,(anonymous_6)
FNF:6
FNH:2
FNDA:1,(anonymous_1)
FNDA:0,(anonymous_2)
FNDA:0,(anonymous_3)
FNDA:0,(anonymous_4)
FNDA:1,(anonymous_5)
FNDA:0,(anonymous_6)
DA:68,12
DA:76,1
DA:89,0
DA:91,0
DA:92,0
DA:98,0
DA:99,0
DA:107,1
DA:113,0
DA:114,0
LF:10
LH:3
BRDA:89,0,0,0
BRDA:89,0,1,0
BRDA:92,1,0,0
BRDA:92,1,1,0
BRDA:99,2,0,0
BRDA:99,2,1,0
BRDA:114,3,0,0
BRDA:114,3,1,0
BRF:8
BRH:0
end_of_record
TN:
SF:C:\Users\margh\Desktop\front-end-vue\src\view\Particle.vue
FN:16,(anonymous_1)
FN:33,(anonymous_2)
FN:41,(anonymous_5)
FNF:3
FNH:0
FNDA:0,(anonymous_1)
FNDA:0,(anonymous_2)
FNDA:0,(anonymous_5)
DA:19,0
DA:22,0
DA:23,0
DA:24,0
DA:27,0
DA:28,0
DA:30,0
DA:33,0
DA:44,0
DA:47,0
LF:10
LH:0
BRF:0
BRH:0
end_of_record
TN:
SF:C:\Users\margh\Desktop\front-end-vue\src\view\SignUp.vue
FN:118,(anonymous_1)
FN:140,(anonymous_2)
FN:141,(anonymous_3)
FN:148,(anonymous_4)
FN:150,(anonymous_5)
FN:154,(anonymous_6)
FN:158,(anonymous_7)
FN:168,(anonymous_8)
FN:174,(anonymous_9)
FN:179,(anonymous_10)
FNF:10
FNH:2
FNDA:1,(anonymous_1)
FNDA:0,(anonymous_2)
FNDA:0,(anonymous_3)
FNDA:0,(anonymous_4)
FNDA:0,(anonymous_5)
FNDA:0,(anonymous_6)
FNDA:0,(anonymous_7)
FNDA:1,(anonymous_8)
FNDA:0,(anonymous_9)
FNDA:0,(anonymous_10)
DA:111,12
DA:119,1
DA:140,0
DA:142,0
DA:143,0
DA:148,0
DA:151,0
DA:152,0
DA:155,0
DA:156,0
DA:159,0
DA:160,0
DA:161,0
DA:169,1
DA:175,0
DA:176,0
DA:180,0
LF:17
LH:3
BRDA:140,0,0,0
BRDA:140,0,1,0
BRDA:143,1,0,0
BRDA:143,1,1,0
BRDA:148,2,0,0
BRDA:148,2,1,0
BRDA:152,3,0,0
BRDA:152,3,1,0
BRDA:156,4,0,0
BRDA:156,4,1,0
BRDA:161,5,0,0
BRDA:161,5,1,0
BRDA:176,6,0,0
BRDA:176,6,1,0
BRF:14
BRH:0
end_of_record
TN:
SF:C:\Users\margh\Desktop\front-end-vue\src\view\UploadOpera.vue
FN:113,(anonymous_1)
FN:131,(anonymous_2)
FN:142,(anonymous_3)
FN:147,(anonymous_4)
FN:152,(anonymous_5)
FN:156,(anonymous_6)
FN:169,(anonymous_7)
FNF:7
FNH:3
FNDA:1,(anonymous_1)
FNDA:0,(anonymous_2)
FNDA:1,(anonymous_3)
FNDA:0,(anonymous_4)
FNDA:1,(anonymous_5)
FNDA:0,(anonymous_6)
FNDA:0,(anonymous_7)
DA:114,1
DA:131,0
DA:143,1
DA:148,0
DA:153,1
DA:157,0
DA:161,0
DA:162,0
DA:163,0
DA:164,0
DA:165,0
DA:166,0
DA:170,0
DA:171,0
DA:173,0
DA:174,0
DA:175,0
DA:176,0
DA:177,0
DA:178,0
DA:179,0
DA:180,0
DA:181,0
DA:182,0
DA:183,0
DA:184,0
DA:186,0
DA:187,0
DA:188,0
LF:29
LH:3
BRDA:131,0,0,0
BRDA:131,0,1,0
BRDA:157,1,0,0
BRDA:157,1,1,0
BRDA:166,2,0,0
BRDA:166,2,1,0
BRDA:170,3,0,0
BRDA:170,3,1,0
BRDA:173,4,0,0
BRDA:173,4,1,0
BRDA:177,5,0,0
BRDA:177,5,1,0
BRDA:181,6,0,0
BRDA:181,6,1,0
BRF:14
BRH:0
end_of_record
TN:
SF:C:\Users\margh\Desktop\front-end-vue\src\view\UserPage.vue
FN:78,(anonymous_1)
FN:89,(anonymous_2)
FNF:2
FNH:2
FNDA:1,(anonymous_1)
FNDA:1,(anonymous_2)
DA:67,12
DA:68,12
DA:69,12
DA:79,1
DA:90,1
LF:5
LH:5
BRF:0
BRH:0
end_of_record
