<?xml version="1.0" encoding="UTF-8"?>
<coverage generated="1623947489768" clover="3.2.0">
  <project timestamp="1623947489768" name="All files">
    <metrics statements="173" coveredstatements="60" conditionals="50" coveredconditionals="2" methods="91" coveredmethods="29" elements="314" coveredelements="91" complexity="0" loc="173" ncloc="173" packages="7" files="17" classes="17"/>
    <package name="src">
      <metrics statements="1" coveredstatements="0" conditionals="0" coveredconditionals="0" methods="0" coveredmethods="0"/>
      <file name="App.vue" path="C:\Users\margh\Desktop\front-end-vue\src\App.vue">
        <metrics statements="1" coveredstatements="0" conditionals="0" coveredconditionals="0" methods="0" coveredmethods="0"/>
        <line num="11" count="0" type="stmt"/>
      </file>
    </package>
    <package name="src.components">
      <metrics statements="29" coveredstatements="13" conditionals="12" coveredconditionals="1" methods="19" coveredmethods="8"/>
      <file name="Navbar.vue" path="C:\Users\margh\Desktop\front-end-vue\src\components\Navbar.vue">
        <metrics statements="6" coveredstatements="3" conditionals="2" coveredconditionals="0" methods="4" coveredmethods="2"/>
        <line num="63" count="1" type="stmt"/>
        <line num="66" count="1" type="stmt"/>
        <line num="78" count="0" type="stmt"/>
        <line num="82" count="1" type="stmt"/>
        <line num="88" count="0" type="stmt"/>
        <line num="89" count="0" type="cond" truecount="0" falsecount="2"/>
      </file>
      <file name="editOpera.vue" path="C:\Users\margh\Desktop\front-end-vue\src\components\editOpera.vue">
        <metrics statements="3" coveredstatements="0" conditionals="0" coveredconditionals="0" methods="3" coveredmethods="0"/>
        <line num="64" count="0" type="stmt"/>
        <line num="69" count="0" type="stmt"/>
        <line num="74" count="0" type="stmt"/>
      </file>
      <file name="editUserData.vue" path="C:\Users\margh\Desktop\front-end-vue\src\components\editUserData.vue">
        <metrics statements="6" coveredstatements="1" conditionals="4" coveredconditionals="0" methods="4" coveredmethods="1"/>
        <line num="50" count="1" type="stmt"/>
        <line num="63" count="0" type="cond" truecount="0" falsecount="2"/>
        <line num="65" count="0" type="stmt"/>
        <line num="66" count="0" type="cond" truecount="0" falsecount="2"/>
        <line num="76" count="0" type="stmt"/>
        <line num="77" count="0" type="stmt"/>
      </file>
      <file name="editUserPassword.vue" path="C:\Users\margh\Desktop\front-end-vue\src\components\editUserPassword.vue">
        <metrics statements="6" coveredstatements="1" conditionals="4" coveredconditionals="0" methods="4" coveredmethods="1"/>
        <line num="53" count="1" type="stmt"/>
        <line num="65" count="0" type="cond" truecount="0" falsecount="2"/>
        <line num="67" count="0" type="stmt"/>
        <line num="68" count="0" type="cond" truecount="0" falsecount="2"/>
        <line num="78" count="0" type="stmt"/>
        <line num="79" count="0" type="stmt"/>
      </file>
      <file name="operasList.vue" path="C:\Users\margh\Desktop\front-end-vue\src\components\operasList.vue">
        <metrics statements="8" coveredstatements="8" conditionals="2" coveredconditionals="1" methods="4" coveredmethods="4"/>
        <line num="25" count="1" type="stmt"/>
        <line num="26" count="1" type="stmt"/>
        <line num="34" count="1" type="stmt"/>
        <line num="44" count="1" type="stmt"/>
        <line num="49" count="1" type="stmt"/>
        <line num="50" count="2" type="cond" truecount="1" falsecount="1"/>
        <line num="52" count="1" type="stmt"/>
        <line num="57" count="1" type="stmt"/>
      </file>
    </package>
    <package name="src.plugins">
      <metrics statements="1" coveredstatements="0" conditionals="0" coveredconditionals="0" methods="0" coveredmethods="0"/>
      <file name="vuetify.js" path="C:\Users\margh\Desktop\front-end-vue\src\plugins\vuetify.js">
        <metrics statements="1" coveredstatements="0" conditionals="0" coveredconditionals="0" methods="0" coveredmethods="0"/>
        <line num="4" count="0" type="stmt"/>
      </file>
    </package>
    <package name="src.router">
      <metrics statements="3" coveredstatements="3" conditionals="0" coveredconditionals="0" methods="0" coveredmethods="0"/>
      <file name="router.js" path="C:\Users\margh\Desktop\front-end-vue\src\router\router.js">
        <metrics statements="3" coveredstatements="3" conditionals="0" coveredconditionals="0" methods="0" coveredmethods="0"/>
        <line num="9" count="1" type="stmt"/>
        <line num="11" count="1" type="stmt"/>
        <line num="39" count="1" type="stmt"/>
      </file>
    </package>
    <package name="src.store">
      <metrics statements="1" coveredstatements="1" conditionals="0" coveredconditionals="0" methods="0" coveredmethods="0"/>
      <file name="index.js" path="C:\Users\margh\Desktop\front-end-vue\src\store\index.js">
        <metrics statements="1" coveredstatements="1" conditionals="0" coveredconditionals="0" methods="0" coveredmethods="0"/>
        <line num="6" count="1" type="stmt"/>
      </file>
    </package>
    <package name="src.store.modules">
      <metrics statements="77" coveredstatements="22" conditionals="10" coveredconditionals="0" methods="40" coveredmethods="8"/>
      <file name="currentUser.js" path="C:\Users\margh\Desktop\front-end-vue\src\store\modules\currentUser.js">
        <metrics statements="45" coveredstatements="9" conditionals="10" coveredconditionals="0" methods="19" coveredmethods="2"/>
        <line num="4" count="1" type="stmt"/>
        <line num="5" count="1" type="stmt"/>
        <line num="6" count="1" type="stmt"/>
        <line num="8" count="1" type="stmt"/>
        <line num="14" count="1" type="stmt"/>
        <line num="16" count="0" type="stmt"/>
        <line num="22" count="0" type="stmt"/>
        <line num="23" count="0" type="stmt"/>
        <line num="24" count="0" type="stmt"/>
        <line num="25" count="0" type="stmt"/>
        <line num="28" count="0" type="stmt"/>
        <line num="32" count="0" type="stmt"/>
        <line num="35" count="0" type="stmt"/>
        <line num="45" count="0" type="stmt"/>
        <line num="46" count="0" type="stmt"/>
        <line num="47" count="0" type="stmt"/>
        <line num="48" count="0" type="stmt"/>
        <line num="51" count="0" type="stmt"/>
        <line num="55" count="0" type="stmt"/>
        <line num="56" count="0" type="stmt"/>
        <line num="57" count="0" type="stmt"/>
        <line num="67" count="0" type="stmt"/>
        <line num="68" count="0" type="stmt"/>
        <line num="72" count="0" type="stmt"/>
        <line num="79" count="1" type="stmt"/>
        <line num="81" count="0" type="cond" truecount="0" falsecount="2"/>
        <line num="82" count="0" type="stmt"/>
        <line num="84" count="0" type="cond" truecount="0" falsecount="2"/>
        <line num="85" count="0" type="stmt"/>
        <line num="86" count="0" type="cond" truecount="0" falsecount="2"/>
        <line num="87" count="0" type="stmt"/>
        <line num="91" count="0" type="cond" truecount="0" falsecount="2"/>
        <line num="92" count="0" type="stmt"/>
        <line num="94" count="0" type="cond" truecount="0" falsecount="2"/>
        <line num="95" count="0" type="stmt"/>
        <line num="100" count="0" type="stmt"/>
        <line num="103" count="0" type="stmt"/>
        <line num="106" count="0" type="stmt"/>
        <line num="107" count="0" type="stmt"/>
        <line num="108" count="0" type="stmt"/>
        <line num="111" count="1" type="stmt"/>
        <line num="113" count="0" type="stmt"/>
        <line num="116" count="1" type="stmt"/>
        <line num="119" count="1" type="stmt"/>
        <line num="122" count="0" type="stmt"/>
      </file>
      <file name="nftService.js" path="C:\Users\margh\Desktop\front-end-vue\src\store\modules\nftService.js">
        <metrics statements="32" coveredstatements="13" conditionals="0" coveredconditionals="0" methods="21" coveredmethods="6"/>
        <line num="4" count="1" type="stmt"/>
        <line num="5" count="1" type="stmt"/>
        <line num="6" count="1" type="stmt"/>
        <line num="8" count="1" type="stmt"/>
        <line num="15" count="1" type="stmt"/>
        <line num="18" count="1" type="stmt"/>
        <line num="19" count="0" type="stmt"/>
        <line num="20" count="0" type="stmt"/>
        <line num="24" count="1" type="stmt"/>
        <line num="25" count="0" type="stmt"/>
        <line num="29" count="1" type="stmt"/>
        <line num="30" count="0" type="stmt"/>
        <line num="35" count="0" type="stmt"/>
        <line num="36" count="0" type="stmt"/>
        <line num="39" count="0" type="stmt"/>
        <line num="40" count="0" type="stmt"/>
        <line num="43" count="0" type="stmt"/>
        <line num="47" count="0" type="stmt"/>
        <line num="48" count="0" type="stmt"/>
        <line num="53" count="0" type="stmt"/>
        <line num="57" count="1" type="stmt"/>
        <line num="59" count="0" type="stmt"/>
        <line num="62" count="0" type="stmt"/>
        <line num="65" count="0" type="stmt"/>
        <line num="68" count="0" type="stmt"/>
        <line num="71" count="0" type="stmt"/>
        <line num="74" count="1" type="stmt"/>
        <line num="76" count="1" type="stmt"/>
        <line num="79" count="0" type="stmt"/>
        <line num="82" count="1" type="stmt"/>
        <line num="85" count="0" type="stmt"/>
        <line num="88" count="1" type="stmt"/>
      </file>
    </package>
    <package name="src.view">
      <metrics statements="61" coveredstatements="21" conditionals="28" coveredconditionals="1" methods="32" coveredmethods="13"/>
      <file name="Home.vue" path="C:\Users\margh\Desktop\front-end-vue\src\view\Home.vue">
        <metrics statements="7" coveredstatements="7" conditionals="2" coveredconditionals="1" methods="4" coveredmethods="4"/>
        <line num="46" count="1" type="stmt"/>
        <line num="53" count="1" type="stmt"/>
        <line num="63" count="1" type="stmt"/>
        <line num="68" count="1" type="stmt"/>
        <line num="69" count="2" type="cond" truecount="1" falsecount="1"/>
        <line num="71" count="1" type="stmt"/>
        <line num="76" count="1" type="stmt"/>
      </file>
      <file name="LogIn.vue" path="C:\Users\margh\Desktop\front-end-vue\src\view\LogIn.vue">
        <metrics statements="10" coveredstatements="3" conditionals="8" coveredconditionals="0" methods="6" coveredmethods="2"/>
        <line num="68" count="1" type="stmt"/>
        <line num="76" count="1" type="stmt"/>
        <line num="89" count="0" type="cond" truecount="0" falsecount="2"/>
        <line num="91" count="0" type="stmt"/>
        <line num="92" count="0" type="cond" truecount="0" falsecount="2"/>
        <line num="98" count="0" type="stmt"/>
        <line num="99" count="0" type="cond" truecount="0" falsecount="2"/>
        <line num="107" count="1" type="stmt"/>
        <line num="113" count="0" type="stmt"/>
        <line num="114" count="0" type="cond" truecount="0" falsecount="2"/>
      </file>
      <file name="Particle.vue" path="C:\Users\margh\Desktop\front-end-vue\src\view\Particle.vue">
        <metrics statements="10" coveredstatements="0" conditionals="0" coveredconditionals="0" methods="3" coveredmethods="0"/>
        <line num="19" count="0" type="stmt"/>
        <line num="22" count="0" type="stmt"/>
        <line num="23" count="0" type="stmt"/>
        <line num="24" count="0" type="stmt"/>
        <line num="27" count="0" type="stmt"/>
        <line num="28" count="0" type="stmt"/>
        <line num="30" count="0" type="stmt"/>
        <line num="33" count="0" type="stmt"/>
        <line num="44" count="0" type="stmt"/>
        <line num="47" count="0" type="stmt"/>
      </file>
      <file name="SignUp.vue" path="C:\Users\margh\Desktop\front-end-vue\src\view\SignUp.vue">
        <metrics statements="17" coveredstatements="3" conditionals="14" coveredconditionals="0" methods="10" coveredmethods="2"/>
        <line num="111" count="1" type="stmt"/>
        <line num="119" count="1" type="stmt"/>
        <line num="140" count="0" type="cond" truecount="0" falsecount="2"/>
        <line num="142" count="0" type="stmt"/>
        <line num="143" count="0" type="cond" truecount="0" falsecount="2"/>
        <line num="148" count="0" type="cond" truecount="0" falsecount="2"/>
        <line num="151" count="0" type="stmt"/>
        <line num="152" count="0" type="cond" truecount="0" falsecount="2"/>
        <line num="155" count="0" type="stmt"/>
        <line num="156" count="0" type="cond" truecount="0" falsecount="2"/>
        <line num="159" count="0" type="stmt"/>
        <line num="160" count="0" type="stmt"/>
        <line num="161" count="0" type="cond" truecount="0" falsecount="2"/>
        <line num="169" count="1" type="stmt"/>
        <line num="175" count="0" type="stmt"/>
        <line num="176" count="0" type="cond" truecount="0" falsecount="2"/>
        <line num="180" count="0" type="stmt"/>
      </file>
      <file name="UploadOpera.vue" path="C:\Users\margh\Desktop\front-end-vue\src\view\UploadOpera.vue">
        <metrics statements="12" coveredstatements="3" conditionals="4" coveredconditionals="0" methods="7" coveredmethods="3"/>
        <line num="104" count="1" type="stmt"/>
        <line num="121" count="0" type="cond" truecount="0" falsecount="2"/>
        <line num="128" count="1" type="stmt"/>
        <line num="133" count="0" type="stmt"/>
        <line num="138" count="1" type="stmt"/>
        <line num="142" count="0" type="stmt"/>
        <line num="143" count="0" type="stmt"/>
        <line num="144" count="0" type="stmt"/>
        <line num="145" count="0" type="stmt"/>
        <line num="146" count="0" type="stmt"/>
        <line num="147" count="0" type="cond" truecount="0" falsecount="2"/>
        <line num="151" count="0" type="stmt"/>
      </file>
      <file name="UserPage.vue" path="C:\Users\margh\Desktop\front-end-vue\src\view\UserPage.vue">
        <metrics statements="5" coveredstatements="5" conditionals="0" coveredconditionals="0" methods="2" coveredmethods="2"/>
        <line num="94" count="1" type="stmt"/>
        <line num="95" count="1" type="stmt"/>
        <line num="96" count="1" type="stmt"/>
        <line num="106" count="1" type="stmt"/>
        <line num="117" count="1" type="stmt"/>
      </file>
    </package>
  </project>
</coverage>
