TN:
SF:C:\Users\margh\Desktop\front-end-vue\src\App.vue
FNF:0
FNH:0
DA:11,0
LF:1
LH:0
BRF:0
BRH:0
end_of_record
TN:
SF:C:\Users\margh\Desktop\front-end-vue\src\components\Navbar.vue
FN:65,(anonymous_1)
FN:77,(anonymous_2)
FN:81,(anonymous_3)
FN:87,(anonymous_4)
FNF:4
FNH:0
FNDA:0,(anonymous_1)
FNDA:0,(anonymous_2)
FNDA:0,(anonymous_3)
FNDA:0,(anonymous_4)
DA:63,0
DA:66,0
DA:78,0
DA:82,0
DA:88,0
DA:89,0
LF:6
LH:0
BRF:0
BRH:0
end_of_record
TN:
SF:C:\Users\margh\Desktop\front-end-vue\src\components\editOpera.vue
FN:54,(anonymous_1)
FNF:1
FNH:0
FNDA:0,(anonymous_1)
DA:55,0
LF:1
LH:0
BRF:0
BRH:0
end_of_record
TN:
SF:C:\Users\margh\Desktop\front-end-vue\src\components\editUserData.vue
FN:49,(anonymous_1)
FN:63,(anonymous_2)
FN:64,(anonymous_3)
FN:75,(anonymous_4)
FNF:4
FNH:0
FNDA:0,(anonymous_1)
FNDA:0,(anonymous_2)
FNDA:0,(anonymous_3)
FNDA:0,(anonymous_4)
DA:50,0
DA:63,0
DA:65,0
DA:66,0
DA:76,0
DA:77,0
LF:6
LH:0
BRDA:63,0,0,0
BRDA:63,0,1,0
BRDA:66,1,0,0
BRDA:66,1,1,0
BRF:4
BRH:0
end_of_record
TN:
SF:C:\Users\margh\Desktop\front-end-vue\src\components\editUserPassword.vue
FN:52,(anonymous_1)
FN:65,(anonymous_2)
FN:66,(anonymous_3)
FN:77,(anonymous_4)
FNF:4
FNH:0
FNDA:0,(anonymous_1)
FNDA:0,(anonymous_2)
FNDA:0,(anonymous_3)
FNDA:0,(anonymous_4)
DA:53,0
DA:65,0
DA:67,0
DA:68,0
DA:78,0
DA:79,0
LF:6
LH:0
BRDA:65,0,0,0
BRDA:65,0,1,0
BRDA:68,1,0,0
BRDA:68,1,1,0
BRF:4
BRH:0
end_of_record
TN:
SF:C:\Users\margh\Desktop\front-end-vue\src\components\operasList.vue
FN:33,(anonymous_1)
FN:43,(anonymous_2)
FN:47,(anonymous_3)
FN:51,(anonymous_4)
FNF:4
FNH:0
FNDA:0,(anonymous_1)
FNDA:0,(anonymous_2)
FNDA:0,(anonymous_3)
FNDA:0,(anonymous_4)
DA:25,1
DA:26,1
DA:34,0
DA:44,0
DA:48,0
DA:52,0
LF:6
LH:2
BRF:0
BRH:0
end_of_record
TN:
SF:C:\Users\margh\Desktop\front-end-vue\src\plugins\vuetify.js
FNF:0
FNH:0
DA:4,0
LF:1
LH:0
BRF:0
BRH:0
end_of_record
TN:
SF:C:\Users\margh\Desktop\front-end-vue\src\router\router.js
FNF:0
FNH:0
DA:9,1
DA:11,1
DA:39,1
LF:3
LH:3
BRF:0
BRH:0
end_of_record
TN:
SF:C:\Users\margh\Desktop\front-end-vue\src\store\index.js
FNF:0
FNH:0
DA:6,1
LF:1
LH:1
BRF:0
BRH:0
end_of_record
TN:
SF:C:\Users\margh\Desktop\front-end-vue\src\store\modules\currentUser.js
FN:14,(anonymous_0)
FN:20,(anonymous_1)
FN:26,(anonymous_2)
FN:30,(anonymous_3)
FN:33,(anonymous_4)
FN:43,(anonymous_5)
FN:49,(anonymous_6)
FN:53,(anonymous_7)
FN:65,(anonymous_8)
FN:70,(anonymous_9)
FN:79,(anonymous_10)
FN:89,(anonymous_11)
FN:98,(anonymous_12)
FN:101,(anonymous_13)
FN:104,(anonymous_14)
FN:111,(anonymous_15)
FN:114,(anonymous_16)
FN:117,(anonymous_17)
FN:120,(anonymous_18)
FNF:19
FNH:1
FNDA:0,(anonymous_0)
FNDA:0,(anonymous_1)
FNDA:0,(anonymous_2)
FNDA:0,(anonymous_3)
FNDA:0,(anonymous_4)
FNDA:0,(anonymous_5)
FNDA:0,(anonymous_6)
FNDA:0,(anonymous_7)
FNDA:0,(anonymous_8)
FNDA:0,(anonymous_9)
FNDA:0,(anonymous_10)
FNDA:0,(anonymous_11)
FNDA:0,(anonymous_12)
FNDA:0,(anonymous_13)
FNDA:0,(anonymous_14)
FNDA:0,(anonymous_15)
FNDA:1,(anonymous_16)
FNDA:0,(anonymous_17)
FNDA:0,(anonymous_18)
DA:4,1
DA:5,1
DA:7,1
DA:13,1
DA:15,0
DA:21,0
DA:22,0
DA:23,0
DA:24,0
DA:27,0
DA:31,0
DA:34,0
DA:44,0
DA:45,0
DA:46,0
DA:47,0
DA:50,0
DA:54,0
DA:55,0
DA:56,0
DA:66,0
DA:67,0
DA:71,0
DA:78,1
DA:80,0
DA:81,0
DA:83,0
DA:84,0
DA:85,0
DA:86,0
DA:90,0
DA:91,0
DA:93,0
DA:94,0
DA:99,0
DA:102,0
DA:105,0
DA:106,0
DA:107,0
DA:110,1
DA:112,0
DA:115,1
DA:118,0
DA:121,0
LF:44
LH:7
BRDA:80,0,0,0
BRDA:80,0,1,0
BRDA:83,1,0,0
BRDA:83,1,1,0
BRDA:85,2,0,0
BRDA:85,2,1,0
BRDA:90,3,0,0
BRDA:90,3,1,0
BRDA:93,4,0,0
BRDA:93,4,1,0
BRF:10
BRH:0
end_of_record
TN:
SF:C:\Users\margh\Desktop\front-end-vue\src\store\modules\nftService.js
FN:15,(anonymous_0)
FN:18,(anonymous_1)
FN:22,(anonymous_2)
FN:23,(anonymous_3)
FN:27,(anonymous_4)
FN:28,(anonymous_5)
FN:32,(anonymous_6)
FN:37,(anonymous_7)
FN:41,(anonymous_8)
FN:45,(anonymous_9)
FN:51,(anonymous_10)
FN:57,(anonymous_11)
FN:60,(anonymous_12)
FN:63,(anonymous_13)
FN:66,(anonymous_14)
FN:69,(anonymous_15)
FN:74,(anonymous_16)
FN:77,(anonymous_17)
FN:80,(anonymous_18)
FN:83,(anonymous_19)
FN:86,(anonymous_20)
FNF:21
FNH:0
FNDA:0,(anonymous_0)
FNDA:0,(anonymous_1)
FNDA:0,(anonymous_2)
FNDA:0,(anonymous_3)
FNDA:0,(anonymous_4)
FNDA:0,(anonymous_5)
FNDA:0,(anonymous_6)
FNDA:0,(anonymous_7)
FNDA:0,(anonymous_8)
FNDA:0,(anonymous_9)
FNDA:0,(anonymous_10)
FNDA:0,(anonymous_11)
FNDA:0,(anonymous_12)
FNDA:0,(anonymous_13)
FNDA:0,(anonymous_14)
FNDA:0,(anonymous_15)
FNDA:0,(anonymous_16)
FNDA:0,(anonymous_17)
FNDA:0,(anonymous_18)
FNDA:0,(anonymous_19)
FNDA:0,(anonymous_20)
DA:4,1
DA:5,1
DA:7,1
DA:14,1
DA:17,0
DA:18,0
DA:19,0
DA:23,0
DA:24,0
DA:28,0
DA:29,0
DA:34,0
DA:35,0
DA:38,0
DA:39,0
DA:42,0
DA:46,0
DA:47,0
DA:52,0
DA:56,1
DA:58,0
DA:61,0
DA:64,0
DA:67,0
DA:70,0
DA:73,1
DA:75,0
DA:78,0
DA:81,0
DA:84,0
DA:87,0
LF:31
LH:6
BRF:0
BRH:0
end_of_record
TN:
SF:C:\Users\margh\Desktop\front-end-vue\src\view\Home.vue
FN:50,(anonymous_1)
FN:58,(anonymous_2)
FN:63,(anonymous_3)
FNF:3
FNH:0
FNDA:0,(anonymous_1)
FNDA:0,(anonymous_2)
FNDA:0,(anonymous_3)
DA:44,1
DA:51,0
DA:59,0
DA:64,0
LF:4
LH:1
BRF:0
BRH:0
end_of_record
TN:
SF:C:\Users\margh\Desktop\front-end-vue\src\view\LogIn.vue
FN:75,(anonymous_1)
FN:89,(anonymous_2)
FN:90,(anonymous_3)
FN:97,(anonymous_4)
FN:106,(anonymous_5)
FN:112,(anonymous_6)
FNF:6
FNH:2
FNDA:2,(anonymous_1)
FNDA:0,(anonymous_2)
FNDA:0,(anonymous_3)
FNDA:0,(anonymous_4)
FNDA:2,(anonymous_5)
FNDA:0,(anonymous_6)
DA:68,1
DA:76,2
DA:89,0
DA:91,0
DA:92,0
DA:98,0
DA:99,0
DA:107,2
DA:113,0
DA:114,0
LF:10
LH:3
BRDA:89,0,0,0
BRDA:89,0,1,0
BRDA:92,1,0,0
BRDA:92,1,1,0
BRDA:99,2,0,0
BRDA:99,2,1,0
BRDA:114,3,0,0
BRDA:114,3,1,0
BRF:8
BRH:0
end_of_record
TN:
SF:C:\Users\margh\Desktop\front-end-vue\src\view\Particle.vue
FN:16,(anonymous_1)
FN:33,(anonymous_2)
FN:41,(anonymous_5)
FNF:3
FNH:0
FNDA:0,(anonymous_1)
FNDA:0,(anonymous_2)
FNDA:0,(anonymous_5)
DA:19,0
DA:22,0
DA:23,0
DA:24,0
DA:27,0
DA:28,0
DA:30,0
DA:33,0
DA:44,0
DA:47,0
LF:10
LH:0
BRF:0
BRH:0
end_of_record
TN:
SF:C:\Users\margh\Desktop\front-end-vue\src\view\SignUp.vue
FN:118,(anonymous_1)
FN:140,(anonymous_2)
FN:141,(anonymous_3)
FN:148,(anonymous_4)
FN:150,(anonymous_5)
FN:154,(anonymous_6)
FN:158,(anonymous_7)
FN:168,(anonymous_8)
FN:174,(anonymous_9)
FN:179,(anonymous_10)
FNF:10
FNH:0
FNDA:0,(anonymous_1)
FNDA:0,(anonymous_2)
FNDA:0,(anonymous_3)
FNDA:0,(anonymous_4)
FNDA:0,(anonymous_5)
FNDA:0,(anonymous_6)
FNDA:0,(anonymous_7)
FNDA:0,(anonymous_8)
FNDA:0,(anonymous_9)
FNDA:0,(anonymous_10)
DA:111,1
DA:119,0
DA:140,0
DA:142,0
DA:143,0
DA:148,0
DA:151,0
DA:152,0
DA:155,0
DA:156,0
DA:159,0
DA:160,0
DA:161,0
DA:169,0
DA:175,0
DA:176,0
DA:180,0
LF:17
LH:1
BRDA:140,0,0,0
BRDA:140,0,1,0
BRDA:143,1,0,0
BRDA:143,1,1,0
BRDA:148,2,0,0
BRDA:148,2,1,0
BRDA:152,3,0,0
BRDA:152,3,1,0
BRDA:156,4,0,0
BRDA:156,4,1,0
BRDA:161,5,0,0
BRDA:161,5,1,0
BRDA:176,6,0,0
BRDA:176,6,1,0
BRF:14
BRH:0
end_of_record
TN:
SF:C:\Users\margh\Desktop\front-end-vue\src\view\UploadOpera.vue
FN:103,(anonymous_1)
FN:121,(anonymous_2)
FN:127,(anonymous_3)
FN:132,(anonymous_4)
FN:137,(anonymous_5)
FN:141,(anonymous_6)
FN:150,(anonymous_7)
FNF:7
FNH:0
FNDA:0,(anonymous_1)
FNDA:0,(anonymous_2)
FNDA:0,(anonymous_3)
FNDA:0,(anonymous_4)
FNDA:0,(anonymous_5)
FNDA:0,(anonymous_6)
FNDA:0,(anonymous_7)
DA:104,0
DA:121,0
DA:128,0
DA:133,0
DA:138,0
DA:142,0
DA:143,0
DA:144,0
DA:145,0
DA:146,0
DA:147,0
DA:151,0
LF:12
LH:0
BRDA:121,0,0,0
BRDA:121,0,1,0
BRDA:147,1,0,0
BRDA:147,1,1,0
BRF:4
BRH:0
end_of_record
TN:
SF:C:\Users\margh\Desktop\front-end-vue\src\view\UserPage.vue
FN:80,(anonymous_1)
FN:91,(anonymous_2)
FNF:2
FNH:0
FNDA:0,(anonymous_1)
FNDA:0,(anonymous_2)
DA:69,1
DA:70,1
DA:71,1
DA:81,0
DA:92,0
LF:5
LH:3
BRF:0
BRH:0
end_of_record
